<?xml version="1.0" encoding="utf-8"?>
<test-run id="2" testcasecount="1010" result="Failed(Child)" total="1010" passed="1001" failed="6" inconclusive="0" skipped="3" asserts="0" engine-version="3.5.0.0" clr-version="4.0.30319.42000" start-time="2026-08-09 02:41:27Z" end-time="2026-08-09 02:43:57Z" duration="149.9320063">
  <test-suite type="TestSuite" id="2282" name="NexUI" fullname="NexUI" runstate="Runnable" testcasecount="1010" result="Failed" site="Child" start-time="2026-08-09 02:41:27Z" end-time="2026-08-09 02:43:57Z" duration="149.932006" total="1010" passed="1001" failed="6" inconclusive="0" skipped="3" asserts="0">
    <properties>
      <property name="platform" value="EditMode" />
    </properties>
    <failure>
      <message><![CDATA[One or more child tests had errors]]></message>
    </failure>
    <test-suite type="Assembly" id="2087" name="emiteat.NexUI.Designer.Tests.EditMode.dll" fullname="D:/UnityProjects/NexUI/Library/ScriptAssemblies/emiteat.NexUI.Designer.Tests.EditMode.dll" runstate="Runnable" testcasecount="852" result="Failed" site="Child" start-time="2026-08-09 02:41:27Z" end-time="2026-08-09 02:43:52Z" duration="144.337242" total="852" passed="844" failed="5" inconclusive="0" skipped="3" asserts="0">
      <properties>
        <property name="_PID" value="7596" />
        <property name="_APPDOMAIN" value="Unity Child Domain" />
        <property name="platform" value="EditMode" />
        <property name="EditorOnly" value="True" />
      </properties>
      <failure>
        <message><![CDATA[One or more child tests had errors]]></message>
      </failure>
      <test-suite type="TestSuite" id="2088" name="emiteat" fullname="emiteat" runstate="Runnable" testcasecount="852" result="Failed" site="Child" start-time="2026-08-09 02:41:27Z" end-time="2026-08-09 02:43:52Z" duration="144.337147" total="852" passed="844" failed="5" inconclusive="0" skipped="3" asserts="0">
        <properties />
        <failure>
          <message><![CDATA[One or more child tests had errors]]></message>
        </failure>
        <test-suite type="TestSuite" id="2089" name="NexUI" fullname="emiteat.NexUI" runstate="Runnable" testcasecount="852" result="Failed" site="Child" start-time="2026-08-09 02:41:27Z" end-time="2026-08-09 02:43:52Z" duration="144.337055" total="852" passed="844" failed="5" inconclusive="0" skipped="3" asserts="0">
          <properties />
          <failure>
            <message><![CDATA[One or more child tests had errors]]></message>
          </failure>
          <test-suite type="TestSuite" id="2092" name="Designer" fullname="emiteat.NexUI.Designer" runstate="Runnable" testcasecount="837" result="Failed" site="Child" start-time="2026-08-09 02:41:27Z" end-time="2026-08-09 02:43:51Z" duration="144.125404" total="837" passed="829" failed="5" inconclusive="0" skipped="3" asserts="0">
            <properties />
            <failure>
              <message><![CDATA[One or more child tests had errors]]></message>
            </failure>
            <test-suite type="TestSuite" id="2093" name="Tests" fullname="emiteat.NexUI.Designer.Tests" runstate="Runnable" testcasecount="837" result="Failed" site="Child" start-time="2026-08-09 02:41:27Z" end-time="2026-08-09 02:43:51Z" duration="144.125317" total="837" passed="829" failed="5" inconclusive="0" skipped="3" asserts="0">
              <properties />
              <failure>
                <message><![CDATA[One or more child tests had errors]]></message>
              </failure>
              <test-suite type="TestSuite" id="2094" name="EditMode" fullname="emiteat.NexUI.Designer.Tests.EditMode" runstate="Runnable" testcasecount="837" result="Failed" site="Child" start-time="2026-08-09 02:41:27Z" end-time="2026-08-09 02:43:51Z" duration="144.124726" total="837" passed="829" failed="5" inconclusive="0" skipped="3" asserts="0">
                <properties />
                <failure>
                  <message><![CDATA[One or more child tests had errors]]></message>
                </failure>
                <test-suite type="TestFixture" id="1159" name="CanonicalAuthoringModelTests" fullname="emiteat.NexUI.Designer.Tests.EditMode.CanonicalAuthoringModelTests" classname="emiteat.NexUI.Designer.Tests.EditMode.CanonicalAuthoringModelTests" runstate="Runnable" testcasecount="5" result="Passed" start-time="2026-08-09 02:41:27Z" end-time="2026-08-09 02:41:27Z" duration="0.120721" total="5" passed="5" failed="0" inconclusive="0" skipped="0" asserts="0">
                  <properties />
                  <test-case id="1160" name="BlockDefinition_IsBackwardCompatibleWithComponentDefinition" fullname="emiteat.NexUI.Designer.Tests.EditMode.CanonicalAuthoringModelTests.BlockDefinition_IsBackwardCompatibleWithComponentDefinition" methodname="BlockDefinition_IsBackwardCompatibleWithComponentDefinition" classname="emiteat.NexUI.Designer.Tests.EditMode.CanonicalAuthoringModelTests" runstate="Runnable" seed="534116650" result="Passed" start-time="2026-08-09 02:41:27Z" end-time="2026-08-09 02:41:27Z" duration="0.000335" asserts="0">
                    <properties>
                      <property name="retryIteration" value="0" />
                      <property name="repeatIteration" value="0" />
                    </properties>
                  </test-case>
                  <test-case id="1161" name="CompanionJson_RoundTripsFragmentBlockAndPatternReferences" fullname="emiteat.NexUI.Designer.Tests.EditMode.CanonicalAuthoringModelTests.CompanionJson_RoundTripsFragmentBlockAndPatternReferences" methodname="CompanionJson_RoundTripsFragmentBlockAndPatternReferences" classname="emiteat.NexUI.Designer.Tests.EditMode.CanonicalAuthoringModelTests" runstate="Runnable" seed="2114427884" result="Passed" start-time="2026-08-09 02:41:27Z" end-time="2026-08-09 02:41:27Z" duration="0.014021" asserts="0">
                    <properties>
                      <property name="retryIteration" value="0" />
                      <property name="repeatIteration" value="0" />
                    </properties>
                  </test-case>
                  <test-case id="1164" name="PatternPlacement_MissingDependencyDoesNotMutateScreen" fullname="emiteat.NexUI.Designer.Tests.EditMode.CanonicalAuthoringModelTests.PatternPlacement_MissingDependencyDoesNotMutateScreen" methodname="PatternPlacement_MissingDependencyDoesNotMutateScreen" classname="emiteat.NexUI.Designer.Tests.EditMode.CanonicalAuthoringModelTests" runstate="Runnable" seed="1681959666" result="Passed" start-time="2026-08-09 02:41:27Z" end-time="2026-08-09 02:41:27Z" duration="0.081757" asserts="0">
                    <properties>
                      <property name="retryIteration" value="0" />
                      <property name="repeatIteration" value="0" />
                    </properties>
                  </test-case>
                  <test-case id="1163" name="RpgInventoryPattern_BlocksResolveAndInstantiateAsOnePattern" fullname="emiteat.NexUI.Designer.Tests.EditMode.CanonicalAuthoringModelTests.RpgInventoryPattern_BlocksResolveAndInstantiateAsOnePattern" methodname="RpgInventoryPattern_BlocksResolveAndInstantiateAsOnePattern" classname="emiteat.NexUI.Designer.Tests.EditMode.CanonicalAuthoringModelTests" runstate="Runnable" seed="1418507371" result="Passed" start-time="2026-08-09 02:41:27Z" end-time="2026-08-09 02:41:27Z" duration="0.021155" asserts="0">
                    <properties>
                      <property name="retryIteration" value="0" />
                      <property name="repeatIteration" value="0" />
                    </properties>
                  </test-case>
                  <test-case id="1162" name="RpgInventoryPattern_HasBlocksContractAndScenarios" fullname="emiteat.NexUI.Designer.Tests.EditMode.CanonicalAuthoringModelTests.RpgInventoryPattern_HasBlocksContractAndScenarios" methodname="RpgInventoryPattern_HasBlocksContractAndScenarios" classname="emiteat.NexUI.Designer.Tests.EditMode.CanonicalAuthoringModelTests" runstate="Runnable" seed="683273752" result="Passed" start-time="2026-08-09 02:41:27Z" end-time="2026-08-09 02:41:27Z" duration="0.000858" asserts="0">
                    <properties>
                      <property name="retryIteration" value="0" />
                      <property name="repeatIteration" value="0" />
                    </properties>
                  </test-case>
                </test-suite>
                <test-suite type="TestFixture" id="1165" name="CanonicalElementCatalogTests" fullname="emiteat.NexUI.Designer.Tests.EditMode.CanonicalElementCatalogTests" classname="emiteat.NexUI.Designer.Tests.EditMode.CanonicalElementCatalogTests" runstate="Runnable" testcasecount="12" result="Failed" site="Child" start-time="2026-08-09 02:41:27Z" end-time="2026-08-09 02:41:27Z" duration="0.026620" total="12" passed="8" failed="1" inconclusive="0" skipped="3" asserts="0">
                  <properties />
                  <failure>
                    <message><![CDATA[One or more child tests had errors]]></message>
                  </failure>
                  <test-case id="1175" name="CoreEntriesDoNotShareABackendSignature" fullname="emiteat.NexUI.Designer.Tests.EditMode.CanonicalElementCatalogTests.CoreEntriesDoNotShareABackendSignature" methodname="CoreEntriesDoNotShareABackendSignature" classname="emiteat.NexUI.Designer.Tests.EditMode.CanonicalElementCatalogTests" runstate="Ignored" seed="438768777" result="Skipped" label="Ignored" start-time="2026-08-09 02:41:27Z" end-time="2026-08-09 02:41:27Z" duration="0.000187" asserts="0">
                    <properties>
                      <property name="_SKIPREASON" value="Phase 5: enable after BaseTypeId reclassification. See the signature-collision section of the generated Element catalog for the worklist." />
                    </properties>
                    <reason>
                      <message><![CDATA[Phase 5: enable after BaseTypeId reclassification. See the signature-collision section of the generated Element catalog for the worklist.]]></message>
                    </reason>
                  </test-case>
                  <test-case id="1171" name="DeclaredFamilyMatchesThePaletteGroupPrefix" fullname="emiteat.NexUI.Designer.Tests.EditMode.CanonicalElementCatalogTests.DeclaredFamilyMatchesThePaletteGroupPrefix" methodname="DeclaredFamilyMatchesThePaletteGroupPrefix" classname="emiteat.NexUI.Designer.Tests.EditMode.CanonicalElementCatalogTests" runstate="Runnable" seed="1592140305" result="Passed" start-time="2026-08-09 02:41:27Z" end-time="2026-08-09 02:41:27Z" duration="0.000925" asserts="0">
                    <properties>
                      <property name="retryIteration" value="0" />
                      <property name="repeatIteration" value="0" />
                    </properties>
                  </test-case>
                  <test-case id="1167" name="EveryEntryHasATypeIdAndDisplayName" fullname="emiteat.NexUI.Designer.Tests.EditMode.CanonicalElementCatalogTests.EveryEntryHasATypeIdAndDisplayName" methodname="EveryEntryHasATypeIdAndDisplayName" classname="emiteat.NexUI.Designer.Tests.EditMode.CanonicalElementCatalogTests" runstate="Runnable" seed="1775259607" result="Passed" start-time="2026-08-09 02:41:27Z" end-time="2026-08-09 02:41:27Z" duration="0.000348" asserts="0">
                    <properties>
                      <property name="retryIteration" value="0" />
                      <property name="repeatIteration" value="0" />
                    </properties>
                  </test-case>
                  <test-case id="1170" name="EveryPaletteGroupIsOrdered" fullname="emiteat.NexUI.Designer.Tests.EditMode.CanonicalElementCatalogTests.EveryPaletteGroupIsOrdered" methodname="EveryPaletteGroupIsOrdered" classname="emiteat.NexUI.Designer.Tests.EditMode.CanonicalElementCatalogTests" runstate="Runnable" seed="446740721" result="Passed" start-time="2026-08-09 02:41:27Z" end-time="2026-08-09 02:41:27Z" duration="0.001100" asserts="0">
                    <properties>
                      <property name="retryIteration" value="0" />
                      <property name="repeatIteration" value="0" />
                    </properties>
                  </test-case>
                  <test-case id="1173" name="NativeUGuiSupportOnStockControlsImpliesAControlKey" fullname="emiteat.NexUI.Designer.Tests.EditMode.CanonicalElementCatalogTests.NativeUGuiSupportOnStockControlsImpliesAControlKey" methodname="NativeUGuiSupportOnStockControlsImpliesAControlKey" classname="emiteat.NexUI.Designer.Tests.EditMode.CanonicalElementCatalogTests" runstate="Runnable" seed="421259024" result="Passed" start-time="2026-08-09 02:41:27Z" end-time="2026-08-09 02:41:27Z" duration="0.000245" asserts="0">
                    <properties>
                      <property name="retryIteration" value="0" />
                      <property name="repeatIteration" value="0" />
                    </properties>
                  </test-case>
                  <test-case id="1172" name="NativeUIToolkitSupportImpliesAUxmlTag" fullname="emiteat.NexUI.Designer.Tests.EditMode.CanonicalElementCatalogTests.NativeUIToolkitSupportImpliesAUxmlTag" methodname="NativeUIToolkitSupportImpliesAUxmlTag" classname="emiteat.NexUI.Designer.Tests.EditMode.CanonicalElementCatalogTests" runstate="Runnable" seed="411212162" result="Failed" start-time="2026-08-09 02:41:27Z" end-time="2026-08-09 02:41:27Z" duration="0.002082" asserts="0">
                    <properties>
                      <property name="retryIteration" value="0" />
                      <property name="repeatIteration" value="0" />
                    </properties>
                    <failure>
                      <message><![CDATA[  these entries claim Full UI Toolkit support but emit no UXML tag, so the generator would write a bare ui:VisualElement and the claim is false: ChoiceList, Slot
  Expected: <empty>
  But was:  < "ChoiceList", "Slot" >
]]></message>
                      <stack-trace><![CDATA[at emiteat.NexUI.Designer.Tests.EditMode.CanonicalElementCatalogTests.NativeUIToolkitSupportImpliesAUxmlTag () [0x00052] in .\Packages\com.nexengineworks.nexui.studio\Tests\EditMode\CanonicalElementCatalogTests.cs:146
]]></stack-trace>
                    </failure>
                  </test-case>
                  <test-case id="1174" name="NoEntryIsUnsupportedOnBothBackends" fullname="emiteat.NexUI.Designer.Tests.EditMode.CanonicalElementCatalogTests.NoEntryIsUnsupportedOnBothBackends" methodname="NoEntryIsUnsupportedOnBothBackends" classname="emiteat.NexUI.Designer.Tests.EditMode.CanonicalElementCatalogTests" runstate="Runnable" seed="1999098454" result="Passed" start-time="2026-08-09 02:41:27Z" end-time="2026-08-09 02:41:27Z" duration="0.000210" asserts="0">
                    <properties>
                      <property name="retryIteration" value="0" />
                      <property name="repeatIteration" value="0" />
                    </properties>
                  </test-case>
                  <test-case id="1169" name="PresetBaseTypesResolveToAnotherEntry" fullname="emiteat.NexUI.Designer.Tests.EditMode.CanonicalElementCatalogTests.PresetBaseTypesResolveToAnotherEntry" methodname="PresetBaseTypesResolveToAnotherEntry" classname="emiteat.NexUI.Designer.Tests.EditMode.CanonicalElementCatalogTests" runstate="Runnable" seed="701419085" result="Passed" start-time="2026-08-09 02:41:27Z" end-time="2026-08-09 02:41:27Z" duration="0.000398" asserts="0">
                    <properties>
                      <property name="retryIteration" value="0" />
                      <property name="repeatIteration" value="0" />
                    </properties>
                  </test-case>
                  <test-case id="1177" name="TheGeneratedCatalogDocumentMatchesTheRegistry" fullname="emiteat.NexUI.Designer.Tests.EditMode.CanonicalElementCatalogTests.TheGeneratedCatalogDocumentMatchesTheRegistry" methodname="TheGeneratedCatalogDocumentMatchesTheRegistry" classname="emiteat.NexUI.Designer.Tests.EditMode.CanonicalElementCatalogTests" runstate="Runnable" seed="1995884980" result="Skipped" label="Ignored" start-time="2026-08-09 02:41:27Z" end-time="2026-08-09 02:41:27Z" duration="0.000462" asserts="0">
                    <properties>
                      <property name="retryIteration" value="0" />
                      <property name="repeatIteration" value="0" />
                    </properties>
                    <reason>
                      <message><![CDATA[Not generated yet. Run Utilities > Element Catalog Report, then commit Packages/com.nexengineworks.nexui.studio/Documentation~/reference/element-catalog.md]]></message>
                    </reason>
                  </test-case>
                  <test-case id="1176" name="TheGeneratedTypeIdConstantsMatchTheRegistry" fullname="emiteat.NexUI.Designer.Tests.EditMode.CanonicalElementCatalogTests.TheGeneratedTypeIdConstantsMatchTheRegistry" methodname="TheGeneratedTypeIdConstantsMatchTheRegistry" classname="emiteat.NexUI.Designer.Tests.EditMode.CanonicalElementCatalogTests" runstate="Runnable" seed="1330855885" result="Skipped" label="Ignored" start-time="2026-08-09 02:41:27Z" end-time="2026-08-09 02:41:27Z" duration="0.000227" asserts="0">
                    <properties>
                      <property name="retryIteration" value="0" />
                      <property name="repeatIteration" value="0" />
                    </properties>
                    <reason>
                      <message><![CDATA[Not generated yet. Run Utilities > Element Type Ids, then commit Packages/com.nexengineworks.nexui.studio/Editor/Components/Generated/NexElementTypeIds.cs]]></message>
                    </reason>
                  </test-case>
                  <test-case id="1166" name="TheRegistryIsNotEmpty" fullname="emiteat.NexUI.Designer.Tests.EditMode.CanonicalElementCatalogTests.TheRegistryIsNotEmpty" methodname="TheRegistryIsNotEmpty" classname="emiteat.NexUI.Designer.Tests.EditMode.CanonicalElementCatalogTests" runstate="Runnable" seed="1882842816" result="Passed" start-time="2026-08-09 02:41:27Z" end-time="2026-08-09 02:41:27Z" duration="0.000180" asserts="0">
                    <properties>
                      <property name="retryIteration" value="0" />
                      <property name="repeatIteration" value="0" />
                    </properties>
                  </test-case>
                  <test-case id="1168" name="TypeIdsAreUnique" fullname="emiteat.NexUI.Designer.Tests.EditMode.CanonicalElementCatalogTests.TypeIdsAreUnique" methodname="TypeIdsAreUnique" classname="emiteat.NexUI.Designer.Tests.EditMode.CanonicalElementCatalogTests" runstate="Runnable" seed="426394073" result="Passed" start-time="2026-08-09 02:41:27Z" end-time="2026-08-09 02:41:27Z" duration="0.000448" asserts="0">
                    <properties>
                      <property name="retryIteration" value="0" />
                      <property name="repeatIteration" value="0" />
                    </properties>
                  </test-case>
                </test-suite>
                <test-suite type="TestFixture" id="1178" name="ContextBoundSubscriptionsTests" fullname="emiteat.NexUI.Designer.Tests.EditMode.ContextBoundSubscriptionsTests" classname="emiteat.NexUI.Designer.Tests.EditMode.ContextBoundSubscriptionsTests" runstate="Runnable" testcasecount="1" result="Passed" start-time="2026-08-09 02:41:27Z" end-time="2026-08-09 02:41:27Z" duration="0.003832" total="1" passed="1" failed="0" inconclusive="0" skipped="0" asserts="0">
                  <properties />
                  <test-case id="1179" name="ActivateDetachAndReattach_NeverDuplicatesCallback" fullname="emiteat.NexUI.Designer.Tests.EditMode.ContextBoundSubscriptionsTests.ActivateDetachAndReattach_NeverDuplicatesCallback" methodname="ActivateDetachAndReattach_NeverDuplicatesCallback" classname="emiteat.NexUI.Designer.Tests.EditMode.ContextBoundSubscriptionsTests" runstate="Runnable" seed="159712421" result="Passed" start-time="2026-08-09 02:41:27Z" end-time="2026-08-09 02:41:27Z" duration="0.000781" asserts="0">
                    <properties>
                      <property name="retryIteration" value="0" />
                      <property name="repeatIteration" value="0" />
                    </properties>
                  </test-case>
                </test-suite>
                <test-suite type="TestFixture" id="1180" name="DesignerAccessibilityAuditTests" fullname="emiteat.NexUI.Designer.Tests.EditMode.DesignerAccessibilityAuditTests" classname="emiteat.NexUI.Designer.Tests.EditMode.DesignerAccessibilityAuditTests" runstate="Runnable" testcasecount="10" result="Passed" start-time="2026-08-09 02:41:27Z" end-time="2026-08-09 02:41:27Z" duration="0.006458" total="10" passed="10" failed="0" inconclusive="0" skipped="0" asserts="0">
                  <properties />
                  <test-case id="1181" name="ContrastRatio_BlackOnWhite_IsMax" fullname="emiteat.NexUI.Designer.Tests.EditMode.DesignerAccessibilityAuditTests.ContrastRatio_BlackOnWhite_IsMax" methodname="ContrastRatio_BlackOnWhite_IsMax" classname="emiteat.NexUI.Designer.Tests.EditMode.DesignerAccessibilityAuditTests" runstate="Runnable" seed="1557928793" result="Passed" start-time="2026-08-09 02:41:27Z" end-time="2026-08-09 02:41:27Z" duration="0.000315" asserts="0">
                    <properties>
                      <property name="retryIteration" value="0" />
                      <property name="repeatIteration" value="0" />
                    </properties>
                  </test-case>
                  <test-case id="1182" name="ContrastRatio_SameColor_IsOne" fullname="emiteat.NexUI.Designer.Tests.EditMode.DesignerAccessibilityAuditTests.ContrastRatio_SameColor_IsOne" methodname="ContrastRatio_SameColor_IsOne" classname="emiteat.NexUI.Designer.Tests.EditMode.DesignerAccessibilityAuditTests" runstate="Runnable" seed="1062853181" result="Passed" start-time="2026-08-09 02:41:27Z" end-time="2026-08-09 02:41:27Z" duration="0.000102" asserts="0">
                    <properties>
                      <property name="retryIteration" value="0" />
                      <property name="repeatIteration" value="0" />
                    </properties>
                  </test-case>
                  <test-case id="1184" name="GoodContrastText_NotFlagged" fullname="emiteat.NexUI.Designer.Tests.EditMode.DesignerAccessibilityAuditTests.GoodContrastText_NotFlagged" methodname="GoodContrastText_NotFlagged" classname="emiteat.NexUI.Designer.Tests.EditMode.DesignerAccessibilityAuditTests" runstate="Runnable" seed="1800352899" result="Passed" start-time="2026-08-09 02:41:27Z" end-time="2026-08-09 02:41:27Z" duration="0.001586" asserts="0">
                    <properties>
                      <property name="retryIteration" value="0" />
                      <property name="repeatIteration" value="0" />
                    </properties>
                  </test-case>
                  <test-case id="1188" name="InteractiveWithLabel_NotFlaggedForLabel" fullname="emiteat.NexUI.Designer.Tests.EditMode.DesignerAccessibilityAuditTests.InteractiveWithLabel_NotFlaggedForLabel" methodname="InteractiveWithLabel_NotFlaggedForLabel" classname="emiteat.NexUI.Designer.Tests.EditMode.DesignerAccessibilityAuditTests" runstate="Runnable" seed="1525076044" result="Passed" start-time="2026-08-09 02:41:27Z" end-time="2026-08-09 02:41:27Z" duration="0.000504" asserts="0">
                    <properties>
                      <property name="retryIteration" value="0" />
                      <property name="repeatIteration" value="0" />
                    </properties>
                  </test-case>
                  <test-case id="1187" name="InteractiveWithoutLabelOrText_IsFlagged" fullname="emiteat.NexUI.Designer.Tests.EditMode.DesignerAccessibilityAuditTests.InteractiveWithoutLabelOrText_IsFlagged" methodname="InteractiveWithoutLabelOrText_IsFlagged" classname="emiteat.NexUI.Designer.Tests.EditMode.DesignerAccessibilityAuditTests" runstate="Runnable" seed="1780119691" result="Passed" start-time="2026-08-09 02:41:27Z" end-time="2026-08-09 02:41:27Z" duration="0.000242" asserts="0">
                    <properties>
                      <property name="retryIteration" value="0" />
                      <property name="repeatIteration" value="0" />
                    </properties>
                  </test-case>
                  <test-case id="1189" name="InteractiveWithoutRole_IsInfo" fullname="emiteat.NexUI.Designer.Tests.EditMode.DesignerAccessibilityAuditTests.InteractiveWithoutRole_IsInfo" methodname="InteractiveWithoutRole_IsInfo" classname="emiteat.NexUI.Designer.Tests.EditMode.DesignerAccessibilityAuditTests" runstate="Runnable" seed="1790462172" result="Passed" start-time="2026-08-09 02:41:27Z" end-time="2026-08-09 02:41:27Z" duration="0.000201" asserts="0">
                    <properties>
                      <property name="retryIteration" value="0" />
                      <property name="repeatIteration" value="0" />
                    </properties>
                  </test-case>
                  <test-case id="1190" name="InteractiveWithRole_NoRoleIssue" fullname="emiteat.NexUI.Designer.Tests.EditMode.DesignerAccessibilityAuditTests.InteractiveWithRole_NoRoleIssue" methodname="InteractiveWithRole_NoRoleIssue" classname="emiteat.NexUI.Designer.Tests.EditMode.DesignerAccessibilityAuditTests" runstate="Runnable" seed="814065454" result="Passed" start-time="2026-08-09 02:41:27Z" end-time="2026-08-09 02:41:27Z" duration="0.000158" asserts="0">
                    <properties>
                      <property name="retryIteration" value="0" />
                      <property name="repeatIteration" value="0" />
                    </properties>
                  </test-case>
                  <test-case id="1183" name="LowContrastText_IsFlagged" fullname="emiteat.NexUI.Designer.Tests.EditMode.DesignerAccessibilityAuditTests.LowContrastText_IsFlagged" methodname="LowContrastText_IsFlagged" classname="emiteat.NexUI.Designer.Tests.EditMode.DesignerAccessibilityAuditTests" runstate="Runnable" seed="896718971" result="Passed" start-time="2026-08-09 02:41:27Z" end-time="2026-08-09 02:41:27Z" duration="0.000208" asserts="0">
                    <properties>
                      <property name="retryIteration" value="0" />
                      <property name="repeatIteration" value="0" />
                    </properties>
                  </test-case>
                  <test-case id="1186" name="SmallSize_OnNonInteractive_NotFlaggedForTouch" fullname="emiteat.NexUI.Designer.Tests.EditMode.DesignerAccessibilityAuditTests.SmallSize_OnNonInteractive_NotFlaggedForTouch" methodname="SmallSize_OnNonInteractive_NotFlaggedForTouch" classname="emiteat.NexUI.Designer.Tests.EditMode.DesignerAccessibilityAuditTests" runstate="Runnable" seed="1260296522" result="Passed" start-time="2026-08-09 02:41:27Z" end-time="2026-08-09 02:41:27Z" duration="0.000153" asserts="0">
                    <properties>
                      <property name="retryIteration" value="0" />
                      <property name="repeatIteration" value="0" />
                    </properties>
                  </test-case>
                  <test-case id="1185" name="SmallTouchTarget_OnInteractive_IsFlagged" fullname="emiteat.NexUI.Designer.Tests.EditMode.DesignerAccessibilityAuditTests.SmallTouchTarget_OnInteractive_IsFlagged" methodname="SmallTouchTarget_OnInteractive_IsFlagged" classname="emiteat.NexUI.Designer.Tests.EditMode.DesignerAccessibilityAuditTests" runstate="Runnable" seed="849611815" result="Passed" start-time="2026-08-09 02:41:27Z" end-time="2026-08-09 02:41:27Z" duration="0.000182" asserts="0">
                    <properties>
                      <property name="retryIteration" value="0" />
                      <property name="repeatIteration" value="0" />
                    </properties>
                  </test-case>
                </test-suite>
                <test-suite type="TestFixture" id="1191" name="DesignerAlignmentAndFramingTests" fullname="emiteat.NexUI.Designer.Tests.EditMode.DesignerAlignmentAndFramingTests" classname="emiteat.NexUI.Designer.Tests.EditMode.DesignerAlignmentAndFramingTests" runstate="Runnable" testcasecount="16" result="Passed" start-time="2026-08-09 02:41:27Z" end-time="2026-08-09 02:41:27Z" duration="0.010599" total="16" passed="16" failed="0" inconclusive="0" skipped="0" asserts="0">
                  <properties />
                  <test-case id="1198" name="AlignUsesTheSuppliedBoundsRatherThanTheSelectionItself" fullname="emiteat.NexUI.Designer.Tests.EditMode.DesignerAlignmentAndFramingTests.AlignUsesTheSuppliedBoundsRatherThanTheSelectionItself" methodname="AlignUsesTheSuppliedBoundsRatherThanTheSelectionItself" classname="emiteat.NexUI.Designer.Tests.EditMode.DesignerAlignmentAndFramingTests" runstate="Runnable" seed="1219346985" result="Passed" start-time="2026-08-09 02:41:27Z" end-time="2026-08-09 02:41:27Z" duration="0.002146" asserts="0">
                    <properties>
                      <property name="retryIteration" value="0" />
                      <property name="repeatIteration" value="0" />
                    </properties>
                  </test-case>
                  <test-case id="1192" name="DistributeHorizontalEqualisesTheGapsBetweenUnequalWidths" fullname="emiteat.NexUI.Designer.Tests.EditMode.DesignerAlignmentAndFramingTests.DistributeHorizontalEqualisesTheGapsBetweenUnequalWidths" methodname="DistributeHorizontalEqualisesTheGapsBetweenUnequalWidths" classname="emiteat.NexUI.Designer.Tests.EditMode.DesignerAlignmentAndFramingTests" runstate="Runnable" seed="135044569" result="Passed" start-time="2026-08-09 02:41:27Z" end-time="2026-08-09 02:41:27Z" duration="0.001368" asserts="0">
                    <properties>
                      <property name="retryIteration" value="0" />
                      <property name="repeatIteration" value="0" />
                    </properties>
                  </test-case>
                  <test-case id="1195" name="DistributeIsANoOpBelowThreeElements" fullname="emiteat.NexUI.Designer.Tests.EditMode.DesignerAlignmentAndFramingTests.DistributeIsANoOpBelowThreeElements" methodname="DistributeIsANoOpBelowThreeElements" classname="emiteat.NexUI.Designer.Tests.EditMode.DesignerAlignmentAndFramingTests" runstate="Runnable" seed="1253294104" result="Passed" start-time="2026-08-09 02:41:27Z" end-time="2026-08-09 02:41:27Z" duration="0.000561" asserts="0">
                    <properties>
                      <property name="retryIteration" value="0" />
                      <property name="repeatIteration" value="0" />
                    </properties>
                  </test-case>
                  <test-case id="1194" name="DistributeIsIndependentOfSelectionOrder" fullname="emiteat.NexUI.Designer.Tests.EditMode.DesignerAlignmentAndFramingTests.DistributeIsIndependentOfSelectionOrder" methodname="DistributeIsIndependentOfSelectionOrder" classname="emiteat.NexUI.Designer.Tests.EditMode.DesignerAlignmentAndFramingTests" runstate="Runnable" seed="2056131114" result="Passed" start-time="2026-08-09 02:41:27Z" end-time="2026-08-09 02:41:27Z" duration="0.000483" asserts="0">
                    <properties>
                      <property name="retryIteration" value="0" />
                      <property name="repeatIteration" value="0" />
                    </properties>
                  </test-case>
                  <test-case id="1193" name="DistributeKeepsTheOutermostElementsWhereTheyAre" fullname="emiteat.NexUI.Designer.Tests.EditMode.DesignerAlignmentAndFramingTests.DistributeKeepsTheOutermostElementsWhereTheyAre" methodname="DistributeKeepsTheOutermostElementsWhereTheyAre" classname="emiteat.NexUI.Designer.Tests.EditMode.DesignerAlignmentAndFramingTests" runstate="Runnable" seed="943248790" result="Passed" start-time="2026-08-09 02:41:27Z" end-time="2026-08-09 02:41:27Z" duration="0.000210" asserts="0">
                    <properties>
                      <property name="retryIteration" value="0" />
                      <property name="repeatIteration" value="0" />
                    </properties>
                  </test-case>
                  <test-case id="1197" name="DistributePreservesEverySize" fullname="emiteat.NexUI.Designer.Tests.EditMode.DesignerAlignmentAndFramingTests.DistributePreservesEverySize" methodname="DistributePreservesEverySize" classname="emiteat.NexUI.Designer.Tests.EditMode.DesignerAlignmentAndFramingTests" runstate="Runnable" seed="1237804323" result="Passed" start-time="2026-08-09 02:41:27Z" end-time="2026-08-09 02:41:27Z" duration="0.000240" asserts="0">
                    <properties>
                      <property name="retryIteration" value="0" />
                      <property name="repeatIteration" value="0" />
                    </properties>
                  </test-case>
                  <test-case id="1196" name="DistributeVerticalEqualisesTheGaps" fullname="emiteat.NexUI.Designer.Tests.EditMode.DesignerAlignmentAndFramingTests.DistributeVerticalEqualisesTheGaps" methodname="DistributeVerticalEqualisesTheGaps" classname="emiteat.NexUI.Designer.Tests.EditMode.DesignerAlignmentAndFramingTests" runstate="Runnable" seed="930848625" result="Passed" start-time="2026-08-09 02:41:27Z" end-time="2026-08-09 02:41:27Z" duration="0.000291" asserts="0">
                    <properties>
                      <property name="retryIteration" value="0" />
                      <property name="repeatIteration" value="0" />
                    </properties>
                  </test-case>
                  <test-case id="1199" name="GetBoundsIsTheUnionOfEveryRect" fullname="emiteat.NexUI.Designer.Tests.EditMode.DesignerAlignmentAndFramingTests.GetBoundsIsTheUnionOfEveryRect" methodname="GetBoundsIsTheUnionOfEveryRect" classname="emiteat.NexUI.Designer.Tests.EditMode.DesignerAlignmentAndFramingTests" runstate="Runnable" seed="425178760" result="Passed" start-time="2026-08-09 02:41:27Z" end-time="2026-08-09 02:41:27Z" duration="0.000391" asserts="0">
                    <properties>
                      <property name="retryIteration" value="0" />
                      <property name="repeatIteration" value="0" />
                    </properties>
                  </test-case>
                  <test-case id="1206" name="ScrollOffsetCentresTheSelection" fullname="emiteat.NexUI.Designer.Tests.EditMode.DesignerAlignmentAndFramingTests.ScrollOffsetCentresTheSelection" methodname="ScrollOffsetCentresTheSelection" classname="emiteat.NexUI.Designer.Tests.EditMode.DesignerAlignmentAndFramingTests" runstate="Runnable" seed="391312782" result="Passed" start-time="2026-08-09 02:41:27Z" end-time="2026-08-09 02:41:27Z" duration="0.000307" asserts="0">
                    <properties>
                      <property name="retryIteration" value="0" />
                      <property name="repeatIteration" value="0" />
                    </properties>
                  </test-case>
                  <test-case id="1207" name="ScrollOffsetIsNeverNegative" fullname="emiteat.NexUI.Designer.Tests.EditMode.DesignerAlignmentAndFramingTests.ScrollOffsetIsNeverNegative" methodname="ScrollOffsetIsNeverNegative" classname="emiteat.NexUI.Designer.Tests.EditMode.DesignerAlignmentAndFramingTests" runstate="Runnable" seed="1092817877" result="Passed" start-time="2026-08-09 02:41:27Z" end-time="2026-08-09 02:41:27Z" duration="0.000137" asserts="0">
                    <properties>
                      <property name="retryIteration" value="0" />
                      <property name="repeatIteration" value="0" />
                    </properties>
                  </test-case>
                  <test-case id="1201" name="SelectionBoundsIsEmptyWithNothingSelected" fullname="emiteat.NexUI.Designer.Tests.EditMode.DesignerAlignmentAndFramingTests.SelectionBoundsIsEmptyWithNothingSelected" methodname="SelectionBoundsIsEmptyWithNothingSelected" classname="emiteat.NexUI.Designer.Tests.EditMode.DesignerAlignmentAndFramingTests" runstate="Runnable" seed="831293267" result="Passed" start-time="2026-08-09 02:41:27Z" end-time="2026-08-09 02:41:27Z" duration="0.000410" asserts="0">
                    <properties>
                      <property name="retryIteration" value="0" />
                      <property name="repeatIteration" value="0" />
                    </properties>
                  </test-case>
                  <test-case id="1200" name="SelectionBoundsIsTheUnionAndSurvivesNullEntries" fullname="emiteat.NexUI.Designer.Tests.EditMode.DesignerAlignmentAndFramingTests.SelectionBoundsIsTheUnionAndSurvivesNullEntries" methodname="SelectionBoundsIsTheUnionAndSurvivesNullEntries" classname="emiteat.NexUI.Designer.Tests.EditMode.DesignerAlignmentAndFramingTests" runstate="Runnable" seed="897758286" result="Passed" start-time="2026-08-09 02:41:27Z" end-time="2026-08-09 02:41:27Z" duration="0.000162" asserts="0">
                    <properties>
                      <property name="retryIteration" value="0" />
                      <property name="repeatIteration" value="0" />
                    </properties>
                  </test-case>
                  <test-case id="1205" name="ZoomForFallsBackWhenTheInputCannotBeFramed" fullname="emiteat.NexUI.Designer.Tests.EditMode.DesignerAlignmentAndFramingTests.ZoomForFallsBackWhenTheInputCannotBeFramed" methodname="ZoomForFallsBackWhenTheInputCannotBeFramed" classname="emiteat.NexUI.Designer.Tests.EditMode.DesignerAlignmentAndFramingTests" runstate="Runnable" seed="1029567913" result="Passed" start-time="2026-08-09 02:41:27Z" end-time="2026-08-09 02:41:27Z" duration="0.000251" asserts="0">
                    <properties>
                      <property name="retryIteration" value="0" />
                      <property name="repeatIteration" value="0" />
                    </properties>
                  </test-case>
                  <test-case id="1203" name="ZoomForIsDrivenByTheTighterAxis" fullname="emiteat.NexUI.Designer.Tests.EditMode.DesignerAlignmentAndFramingTests.ZoomForIsDrivenByTheTighterAxis" methodname="ZoomForIsDrivenByTheTighterAxis" classname="emiteat.NexUI.Designer.Tests.EditMode.DesignerAlignmentAndFramingTests" runstate="Runnable" seed="970036623" result="Passed" start-time="2026-08-09 02:41:27Z" end-time="2026-08-09 02:41:27Z" duration="0.000118" asserts="0">
                    <properties>
                      <property name="retryIteration" value="0" />
                      <property name="repeatIteration" value="0" />
                    </properties>
                  </test-case>
                  <test-case id="1202" name="ZoomForMakesTheSelectionAndItsPaddingFit" fullname="emiteat.NexUI.Designer.Tests.EditMode.DesignerAlignmentAndFramingTests.ZoomForMakesTheSelectionAndItsPaddingFit" methodname="ZoomForMakesTheSelectionAndItsPaddingFit" classname="emiteat.NexUI.Designer.Tests.EditMode.DesignerAlignmentAndFramingTests" runstate="Runnable" seed="1618505720" result="Passed" start-time="2026-08-09 02:41:27Z" end-time="2026-08-09 02:41:27Z" duration="0.000368" asserts="0">
                    <properties>
                      <property name="retryIteration" value="0" />
                      <property name="repeatIteration" value="0" />
                    </properties>
                  </test-case>
                  <test-case id="1204" name="ZoomForStaysInTheSupportedRange" fullname="emiteat.NexUI.Designer.Tests.EditMode.DesignerAlignmentAndFramingTests.ZoomForStaysInTheSupportedRange" methodname="ZoomForStaysInTheSupportedRange" classname="emiteat.NexUI.Designer.Tests.EditMode.DesignerAlignmentAndFramingTests" runstate="Runnable" seed="955957275" result="Passed" start-time="2026-08-09 02:41:27Z" end-time="2026-08-09 02:41:27Z" duration="0.000166" asserts="0">
                    <properties>
                      <property name="retryIteration" value="0" />
                      <property name="repeatIteration" value="0" />
                    </properties>
                  </test-case>
                </test-suite>
                <test-suite type="TestFixture" id="1208" name="DesignerAssetBrowserTests" fullname="emiteat.NexUI.Designer.Tests.EditMode.DesignerAssetBrowserTests" classname="emiteat.NexUI.Designer.Tests.EditMode.DesignerAssetBrowserTests" runstate="Runnable" testcasecount="46" result="Passed" start-time="2026-08-09 02:41:27Z" end-time="2026-08-09 02:41:27Z" duration="0.023158" total="46" passed="46" failed="0" inconclusive="0" skipped="0" asserts="0">
                  <properties />
                  <test-case id="1235" name="Breadcrumbs_AreCumulativePaths" fullname="emiteat.NexUI.Designer.Tests.EditMode.DesignerAssetBrowserTests.Breadcrumbs_AreCumulativePaths" methodname="Breadcrumbs_AreCumulativePaths" classname="emiteat.NexUI.Designer.Tests.EditMode.DesignerAssetBrowserTests" runstate="Runnable" seed="366227632" result="Passed" start-time="2026-08-09 02:41:27Z" end-time="2026-08-09 02:41:27Z" duration="0.000398" asserts="0">
                    <properties>
                      <property name="retryIteration" value="0" />
                      <property name="repeatIteration" value="0" />
                    </properties>
                  </test-case>
                  <test-case id="1236" name="Breadcrumbs_EmptyPathYieldsNothing" fullname="emiteat.NexUI.Designer.Tests.EditMode.DesignerAssetBrowserTests.Breadcrumbs_EmptyPathYieldsNothing" methodname="Breadcrumbs_EmptyPathYieldsNothing" classname="emiteat.NexUI.Designer.Tests.EditMode.DesignerAssetBrowserTests" runstate="Runnable" seed="1147461617" result="Passed" start-time="2026-08-09 02:41:27Z" end-time="2026-08-09 02:41:27Z" duration="0.000086" asserts="0">
                    <properties>
                      <property name="retryIteration" value="0" />
                      <property name="repeatIteration" value="0" />
                    </properties>
                  </test-case>
                  <test-case id="1244" name="Drop_ComponentDefinitionAlwaysPlacesAnInstance" fullname="emiteat.NexUI.Designer.Tests.EditMode.DesignerAssetBrowserTests.Drop_ComponentDefinitionAlwaysPlacesAnInstance" methodname="Drop_ComponentDefinitionAlwaysPlacesAnInstance" classname="emiteat.NexUI.Designer.Tests.EditMode.DesignerAssetBrowserTests" runstate="Runnable" seed="1363173520" result="Passed" start-time="2026-08-09 02:41:27Z" end-time="2026-08-09 02:41:27Z" duration="0.000398" asserts="0">
                    <properties>
                      <property name="retryIteration" value="0" />
                      <property name="repeatIteration" value="0" />
                    </properties>
                  </test-case>
                  <test-case id="1246" name="Drop_DescribeExplainsTheActionAndNamesTheTarget" fullname="emiteat.NexUI.Designer.Tests.EditMode.DesignerAssetBrowserTests.Drop_DescribeExplainsTheActionAndNamesTheTarget" methodname="Drop_DescribeExplainsTheActionAndNamesTheTarget" classname="emiteat.NexUI.Designer.Tests.EditMode.DesignerAssetBrowserTests" runstate="Runnable" seed="1969701123" result="Passed" start-time="2026-08-09 02:41:27Z" end-time="2026-08-09 02:41:27Z" duration="0.001557" asserts="0">
                    <properties>
                      <property name="retryIteration" value="0" />
                      <property name="repeatIteration" value="0" />
                    </properties>
                  </test-case>
                  <test-case id="1243" name="Drop_MaterialNeedsATargetElement" fullname="emiteat.NexUI.Designer.Tests.EditMode.DesignerAssetBrowserTests.Drop_MaterialNeedsATargetElement" methodname="Drop_MaterialNeedsATargetElement" classname="emiteat.NexUI.Designer.Tests.EditMode.DesignerAssetBrowserTests" runstate="Runnable" seed="1932254808" result="Passed" start-time="2026-08-09 02:41:27Z" end-time="2026-08-09 02:41:27Z" duration="0.001352" asserts="0">
                    <properties>
                      <property name="retryIteration" value="0" />
                      <property name="repeatIteration" value="0" />
                    </properties>
                  </test-case>
                  <test-case id="1242" name="Drop_SpriteOnElementSetsSprite_OnEmptyCanvasCreatesImage" fullname="emiteat.NexUI.Designer.Tests.EditMode.DesignerAssetBrowserTests.Drop_SpriteOnElementSetsSprite_OnEmptyCanvasCreatesImage" methodname="Drop_SpriteOnElementSetsSprite_OnEmptyCanvasCreatesImage" classname="emiteat.NexUI.Designer.Tests.EditMode.DesignerAssetBrowserTests" runstate="Runnable" seed="1750568212" result="Passed" start-time="2026-08-09 02:41:27Z" end-time="2026-08-09 02:41:27Z" duration="0.000179" asserts="0">
                    <properties>
                      <property name="retryIteration" value="0" />
                      <property name="repeatIteration" value="0" />
                    </properties>
                  </test-case>
                  <test-case id="1245" name="Drop_UnknownPayloadIsRejected" fullname="emiteat.NexUI.Designer.Tests.EditMode.DesignerAssetBrowserTests.Drop_UnknownPayloadIsRejected" methodname="Drop_UnknownPayloadIsRejected" classname="emiteat.NexUI.Designer.Tests.EditMode.DesignerAssetBrowserTests" runstate="Runnable" seed="1360266992" result="Passed" start-time="2026-08-09 02:41:27Z" end-time="2026-08-09 02:41:27Z" duration="0.001861" asserts="0">
                    <properties>
                      <property name="retryIteration" value="0" />
                      <property name="repeatIteration" value="0" />
                    </properties>
                  </test-case>
                  <test-case id="1241" name="FilterKinds_StartWithTheAllSlot" fullname="emiteat.NexUI.Designer.Tests.EditMode.DesignerAssetBrowserTests.FilterKinds_StartWithTheAllSlot" methodname="FilterKinds_StartWithTheAllSlot" classname="emiteat.NexUI.Designer.Tests.EditMode.DesignerAssetBrowserTests" runstate="Runnable" seed="883006667" result="Passed" start-time="2026-08-09 02:41:27Z" end-time="2026-08-09 02:41:27Z" duration="0.000158" asserts="0">
                    <properties>
                      <property name="retryIteration" value="0" />
                      <property name="repeatIteration" value="0" />
                    </properties>
                  </test-case>
                  <test-suite type="ParameterizedMethod" id="1253" name="IsUnder_TreatsOnlyWholeSegmentsAsContainment" fullname="emiteat.NexUI.Designer.Tests.EditMode.DesignerAssetBrowserTests.IsUnder_TreatsOnlyWholeSegmentsAsContainment" classname="emiteat.NexUI.Designer.Tests.EditMode.DesignerAssetBrowserTests" runstate="Runnable" testcasecount="6" result="Passed" start-time="2026-08-09 02:41:27Z" end-time="2026-08-09 02:41:27Z" duration="0.002909" total="6" passed="6" failed="0" inconclusive="0" skipped="0" asserts="0">
                    <properties />
                    <test-case id="1247" name="IsUnder_TreatsOnlyWholeSegmentsAsContainment(&quot;Assets/UI/icon.png&quot;,&quot;Assets/UI&quot;,True)" fullname="emiteat.NexUI.Designer.Tests.EditMode.DesignerAssetBrowserTests.IsUnder_TreatsOnlyWholeSegmentsAsContainment(&quot;Assets/UI/icon.png&quot;,&quot;Assets/UI&quot;,True)" methodname="IsUnder_TreatsOnlyWholeSegmentsAsContainment" classname="emiteat.NexUI.Designer.Tests.EditMode.DesignerAssetBrowserTests" runstate="Runnable" seed="1480248511" result="Passed" start-time="2026-08-09 02:41:27Z" end-time="2026-08-09 02:41:27Z" duration="0.000287" asserts="0">
                      <properties>
                        <property name="retryIteration" value="0" />
                        <property name="repeatIteration" value="0" />
                      </properties>
                    </test-case>
                    <test-case id="1248" name="IsUnder_TreatsOnlyWholeSegmentsAsContainment(&quot;Assets/UI/Icons/icon.png&quot;,&quot;Assets/UI&quot;,True)" fullname="emiteat.NexUI.Designer.Tests.EditMode.DesignerAssetBrowserTests.IsUnder_TreatsOnlyWholeSegmentsAsContainment(&quot;Assets/UI/Icons/icon.png&quot;,&quot;Assets/UI&quot;,True)" methodname="IsUnder_TreatsOnlyWholeSegmentsAsContainment" classname="emiteat.NexUI.Designer.Tests.EditMode.DesignerAssetBrowserTests" runstate="Runnable" seed="1032389000" result="Passed" start-time="2026-08-09 02:41:27Z" end-time="2026-08-09 02:41:27Z" duration="0.000039" asserts="0">
                      <properties>
                        <property name="retryIteration" value="0" />
                        <property name="repeatIteration" value="0" />
                      </properties>
                    </test-case>
                    <test-case id="1249" name="IsUnder_TreatsOnlyWholeSegmentsAsContainment(&quot;Assets/UI&quot;,&quot;Assets/UI&quot;,True)" fullname="emiteat.NexUI.Designer.Tests.EditMode.DesignerAssetBrowserTests.IsUnder_TreatsOnlyWholeSegmentsAsContainment(&quot;Assets/UI&quot;,&quot;Assets/UI&quot;,True)" methodname="IsUnder_TreatsOnlyWholeSegmentsAsContainment" classname="emiteat.NexUI.Designer.Tests.EditMode.DesignerAssetBrowserTests" runstate="Runnable" seed="257497718" result="Passed" start-time="2026-08-09 02:41:27Z" end-time="2026-08-09 02:41:27Z" duration="0.000034" asserts="0">
                      <properties>
                        <property name="retryIteration" value="0" />
                        <property name="repeatIteration" value="0" />
                      </properties>
                    </test-case>
                    <test-case id="1250" name="IsUnder_TreatsOnlyWholeSegmentsAsContainment(&quot;Assets/UIKit/icon.png&quot;,&quot;Assets/UI&quot;,False)" fullname="emiteat.NexUI.Designer.Tests.EditMode.DesignerAssetBrowserTests.IsUnder_TreatsOnlyWholeSegmentsAsContainment(&quot;Assets/UIKit/icon.png&quot;,&quot;Assets/UI&quot;,False)" methodname="IsUnder_TreatsOnlyWholeSegmentsAsContainment" classname="emiteat.NexUI.Designer.Tests.EditMode.DesignerAssetBrowserTests" runstate="Runnable" seed="2127144677" result="Passed" start-time="2026-08-09 02:41:27Z" end-time="2026-08-09 02:41:27Z" duration="0.000032" asserts="0">
                      <properties>
                        <property name="retryIteration" value="0" />
                        <property name="repeatIteration" value="0" />
                      </properties>
                    </test-case>
                    <test-case id="1251" name="IsUnder_TreatsOnlyWholeSegmentsAsContainment(&quot;Assets/Art/icon.png&quot;,&quot;Assets/UI&quot;,False)" fullname="emiteat.NexUI.Designer.Tests.EditMode.DesignerAssetBrowserTests.IsUnder_TreatsOnlyWholeSegmentsAsContainment(&quot;Assets/Art/icon.png&quot;,&quot;Assets/UI&quot;,False)" methodname="IsUnder_TreatsOnlyWholeSegmentsAsContainment" classname="emiteat.NexUI.Designer.Tests.EditMode.DesignerAssetBrowserTests" runstate="Runnable" seed="824212265" result="Passed" start-time="2026-08-09 02:41:27Z" end-time="2026-08-09 02:41:27Z" duration="0.000029" asserts="0">
                      <properties>
                        <property name="retryIteration" value="0" />
                        <property name="repeatIteration" value="0" />
                      </properties>
                    </test-case>
                    <test-case id="1252" name="IsUnder_TreatsOnlyWholeSegmentsAsContainment(&quot;Assets/UI/icon.png&quot;,&quot;&quot;,False)" fullname="emiteat.NexUI.Designer.Tests.EditMode.DesignerAssetBrowserTests.IsUnder_TreatsOnlyWholeSegmentsAsContainment(&quot;Assets/UI/icon.png&quot;,&quot;&quot;,False)" methodname="IsUnder_TreatsOnlyWholeSegmentsAsContainment" classname="emiteat.NexUI.Designer.Tests.EditMode.DesignerAssetBrowserTests" runstate="Runnable" seed="1546679064" result="Passed" start-time="2026-08-09 02:41:27Z" end-time="2026-08-09 02:41:27Z" duration="0.000032" asserts="0">
                      <properties>
                        <property name="retryIteration" value="0" />
                        <property name="repeatIteration" value="0" />
                      </properties>
                    </test-case>
                  </test-suite>
                  <test-suite type="ParameterizedMethod" id="1223" name="KindOf_ClassifiesByExtensionCaseInsensitively" fullname="emiteat.NexUI.Designer.Tests.EditMode.DesignerAssetBrowserTests.KindOf_ClassifiesByExtensionCaseInsensitively" classname="emiteat.NexUI.Designer.Tests.EditMode.DesignerAssetBrowserTests" runstate="Runnable" testcasecount="14" result="Passed" start-time="2026-08-09 02:41:27Z" end-time="2026-08-09 02:41:27Z" duration="0.004130" total="14" passed="14" failed="0" inconclusive="0" skipped="0" asserts="0">
                    <properties />
                    <test-case id="1209" name="KindOf_ClassifiesByExtensionCaseInsensitively(&quot;Assets/UI/icon.png&quot;,Image)" fullname="emiteat.NexUI.Designer.Tests.EditMode.DesignerAssetBrowserTests.KindOf_ClassifiesByExtensionCaseInsensitively(&quot;Assets/UI/icon.png&quot;,Image)" methodname="KindOf_ClassifiesByExtensionCaseInsensitively" classname="emiteat.NexUI.Designer.Tests.EditMode.DesignerAssetBrowserTests" runstate="Runnable" seed="395810026" result="Passed" start-time="2026-08-09 02:41:27Z" end-time="2026-08-09 02:41:27Z" duration="0.000525" asserts="0">
                      <properties>
                        <property name="retryIteration" value="0" />
                        <property name="repeatIteration" value="0" />
                      </properties>
                    </test-case>
                    <test-case id="1210" name="KindOf_ClassifiesByExtensionCaseInsensitively(&quot;Assets/UI/icon.PNG&quot;,Image)" fullname="emiteat.NexUI.Designer.Tests.EditMode.DesignerAssetBrowserTests.KindOf_ClassifiesByExtensionCaseInsensitively(&quot;Assets/UI/icon.PNG&quot;,Image)" methodname="KindOf_ClassifiesByExtensionCaseInsensitively" classname="emiteat.NexUI.Designer.Tests.EditMode.DesignerAssetBrowserTests" runstate="Runnable" seed="518051971" result="Passed" start-time="2026-08-09 02:41:27Z" end-time="2026-08-09 02:41:27Z" duration="0.000076" asserts="0">
                      <properties>
                        <property name="retryIteration" value="0" />
                        <property name="repeatIteration" value="0" />
                      </properties>
                    </test-case>
                    <test-case id="1211" name="KindOf_ClassifiesByExtensionCaseInsensitively(&quot;Assets/UI/art.psd&quot;,Image)" fullname="emiteat.NexUI.Designer.Tests.EditMode.DesignerAssetBrowserTests.KindOf_ClassifiesByExtensionCaseInsensitively(&quot;Assets/UI/art.psd&quot;,Image)" methodname="KindOf_ClassifiesByExtensionCaseInsensitively" classname="emiteat.NexUI.Designer.Tests.EditMode.DesignerAssetBrowserTests" runstate="Runnable" seed="2061915225" result="Passed" start-time="2026-08-09 02:41:27Z" end-time="2026-08-09 02:41:27Z" duration="0.000072" asserts="0">
                      <properties>
                        <property name="retryIteration" value="0" />
                        <property name="repeatIteration" value="0" />
                      </properties>
                    </test-case>
                    <test-case id="1212" name="KindOf_ClassifiesByExtensionCaseInsensitively(&quot;Assets/Fonts/Roboto.ttf&quot;,Font)" fullname="emiteat.NexUI.Designer.Tests.EditMode.DesignerAssetBrowserTests.KindOf_ClassifiesByExtensionCaseInsensitively(&quot;Assets/Fonts/Roboto.ttf&quot;,Font)" methodname="KindOf_ClassifiesByExtensionCaseInsensitively" classname="emiteat.NexUI.Designer.Tests.EditMode.DesignerAssetBrowserTests" runstate="Runnable" seed="914411012" result="Passed" start-time="2026-08-09 02:41:27Z" end-time="2026-08-09 02:41:27Z" duration="0.000071" asserts="0">
                      <properties>
                        <property name="retryIteration" value="0" />
                        <property name="repeatIteration" value="0" />
                      </properties>
                    </test-case>
                    <test-case id="1213" name="KindOf_ClassifiesByExtensionCaseInsensitively(&quot;Assets/M/Glass.mat&quot;,Material)" fullname="emiteat.NexUI.Designer.Tests.EditMode.DesignerAssetBrowserTests.KindOf_ClassifiesByExtensionCaseInsensitively(&quot;Assets/M/Glass.mat&quot;,Material)" methodname="KindOf_ClassifiesByExtensionCaseInsensitively" classname="emiteat.NexUI.Designer.Tests.EditMode.DesignerAssetBrowserTests" runstate="Runnable" seed="544487764" result="Passed" start-time="2026-08-09 02:41:27Z" end-time="2026-08-09 02:41:27Z" duration="0.000065" asserts="0">
                      <properties>
                        <property name="retryIteration" value="0" />
                        <property name="repeatIteration" value="0" />
                      </properties>
                    </test-case>
                    <test-case id="1214" name="KindOf_ClassifiesByExtensionCaseInsensitively(&quot;Assets/P/Button.prefab&quot;,Prefab)" fullname="emiteat.NexUI.Designer.Tests.EditMode.DesignerAssetBrowserTests.KindOf_ClassifiesByExtensionCaseInsensitively(&quot;Assets/P/Button.prefab&quot;,Prefab)" methodname="KindOf_ClassifiesByExtensionCaseInsensitively" classname="emiteat.NexUI.Designer.Tests.EditMode.DesignerAssetBrowserTests" runstate="Runnable" seed="1239475442" result="Passed" start-time="2026-08-09 02:41:27Z" end-time="2026-08-09 02:41:27Z" duration="0.000062" asserts="0">
                      <properties>
                        <property name="retryIteration" value="0" />
                        <property name="repeatIteration" value="0" />
                      </properties>
                    </test-case>
                    <test-case id="1215" name="KindOf_ClassifiesByExtensionCaseInsensitively(&quot;Assets/UI/Screen.uxml&quot;,Uxml)" fullname="emiteat.NexUI.Designer.Tests.EditMode.DesignerAssetBrowserTests.KindOf_ClassifiesByExtensionCaseInsensitively(&quot;Assets/UI/Screen.uxml&quot;,Uxml)" methodname="KindOf_ClassifiesByExtensionCaseInsensitively" classname="emiteat.NexUI.Designer.Tests.EditMode.DesignerAssetBrowserTests" runstate="Runnable" seed="361575555" result="Passed" start-time="2026-08-09 02:41:27Z" end-time="2026-08-09 02:41:27Z" duration="0.000064" asserts="0">
                      <properties>
                        <property name="retryIteration" value="0" />
                        <property name="repeatIteration" value="0" />
                      </properties>
                    </test-case>
                    <test-case id="1216" name="KindOf_ClassifiesByExtensionCaseInsensitively(&quot;Assets/UI/Screen.uss&quot;,Uss)" fullname="emiteat.NexUI.Designer.Tests.EditMode.DesignerAssetBrowserTests.KindOf_ClassifiesByExtensionCaseInsensitively(&quot;Assets/UI/Screen.uss&quot;,Uss)" methodname="KindOf_ClassifiesByExtensionCaseInsensitively" classname="emiteat.NexUI.Designer.Tests.EditMode.DesignerAssetBrowserTests" runstate="Runnable" seed="627511306" result="Passed" start-time="2026-08-09 02:41:27Z" end-time="2026-08-09 02:41:27Z" duration="0.000063" asserts="0">
                      <properties>
                        <property name="retryIteration" value="0" />
                        <property name="repeatIteration" value="0" />
                      </properties>
                    </test-case>
                    <test-case id="1217" name="KindOf_ClassifiesByExtensionCaseInsensitively(&quot;Assets/Data/Card.asset&quot;,ScriptableObject)" fullname="emiteat.NexUI.Designer.Tests.EditMode.DesignerAssetBrowserTests.KindOf_ClassifiesByExtensionCaseInsensitively(&quot;Assets/Data/Card.asset&quot;,ScriptableObject)" methodname="KindOf_ClassifiesByExtensionCaseInsensitively" classname="emiteat.NexUI.Designer.Tests.EditMode.DesignerAssetBrowserTests" runstate="Runnable" seed="1034565486" result="Passed" start-time="2026-08-09 02:41:27Z" end-time="2026-08-09 02:41:27Z" duration="0.000063" asserts="0">
                      <properties>
                        <property name="retryIteration" value="0" />
                        <property name="repeatIteration" value="0" />
                      </properties>
                    </test-case>
                    <test-case id="1218" name="KindOf_ClassifiesByExtensionCaseInsensitively(&quot;Assets/Scenes/Main.unity&quot;,Scene)" fullname="emiteat.NexUI.Designer.Tests.EditMode.DesignerAssetBrowserTests.KindOf_ClassifiesByExtensionCaseInsensitively(&quot;Assets/Scenes/Main.unity&quot;,Scene)" methodname="KindOf_ClassifiesByExtensionCaseInsensitively" classname="emiteat.NexUI.Designer.Tests.EditMode.DesignerAssetBrowserTests" runstate="Runnable" seed="1262548144" result="Passed" start-time="2026-08-09 02:41:27Z" end-time="2026-08-09 02:41:27Z" duration="0.000061" asserts="0">
                      <properties>
                        <property name="retryIteration" value="0" />
                        <property name="repeatIteration" value="0" />
                      </properties>
                    </test-case>
                    <test-case id="1219" name="KindOf_ClassifiesByExtensionCaseInsensitively(&quot;Assets/README.md&quot;,Other)" fullname="emiteat.NexUI.Designer.Tests.EditMode.DesignerAssetBrowserTests.KindOf_ClassifiesByExtensionCaseInsensitively(&quot;Assets/README.md&quot;,Other)" methodname="KindOf_ClassifiesByExtensionCaseInsensitively" classname="emiteat.NexUI.Designer.Tests.EditMode.DesignerAssetBrowserTests" runstate="Runnable" seed="1895341361" result="Passed" start-time="2026-08-09 02:41:27Z" end-time="2026-08-09 02:41:27Z" duration="0.000060" asserts="0">
                      <properties>
                        <property name="retryIteration" value="0" />
                        <property name="repeatIteration" value="0" />
                      </properties>
                    </test-case>
                    <test-case id="1220" name="KindOf_ClassifiesByExtensionCaseInsensitively(&quot;Assets/NoExtension&quot;,Other)" fullname="emiteat.NexUI.Designer.Tests.EditMode.DesignerAssetBrowserTests.KindOf_ClassifiesByExtensionCaseInsensitively(&quot;Assets/NoExtension&quot;,Other)" methodname="KindOf_ClassifiesByExtensionCaseInsensitively" classname="emiteat.NexUI.Designer.Tests.EditMode.DesignerAssetBrowserTests" runstate="Runnable" seed="1877360677" result="Passed" start-time="2026-08-09 02:41:27Z" end-time="2026-08-09 02:41:27Z" duration="0.000061" asserts="0">
                      <properties>
                        <property name="retryIteration" value="0" />
                        <property name="repeatIteration" value="0" />
                      </properties>
                    </test-case>
                    <test-case id="1221" name="KindOf_ClassifiesByExtensionCaseInsensitively(&quot;&quot;,Other)" fullname="emiteat.NexUI.Designer.Tests.EditMode.DesignerAssetBrowserTests.KindOf_ClassifiesByExtensionCaseInsensitively(&quot;&quot;,Other)" methodname="KindOf_ClassifiesByExtensionCaseInsensitively" classname="emiteat.NexUI.Designer.Tests.EditMode.DesignerAssetBrowserTests" runstate="Runnable" seed="1946447001" result="Passed" start-time="2026-08-09 02:41:27Z" end-time="2026-08-09 02:41:27Z" duration="0.000059" asserts="0">
                      <properties>
                        <property name="retryIteration" value="0" />
                        <property name="repeatIteration" value="0" />
                      </properties>
                    </test-case>
                    <test-case id="1222" name="KindOf_ClassifiesByExtensionCaseInsensitively(null,Other)" fullname="emiteat.NexUI.Designer.Tests.EditMode.DesignerAssetBrowserTests.KindOf_ClassifiesByExtensionCaseInsensitively(null,Other)" methodname="KindOf_ClassifiesByExtensionCaseInsensitively" classname="emiteat.NexUI.Designer.Tests.EditMode.DesignerAssetBrowserTests" runstate="Runnable" seed="1141047442" result="Passed" start-time="2026-08-09 02:41:27Z" end-time="2026-08-09 02:41:27Z" duration="0.000061" asserts="0">
                      <properties>
                        <property name="retryIteration" value="0" />
                        <property name="repeatIteration" value="0" />
                      </properties>
                    </test-case>
                  </test-suite>
                  <test-suite type="ParameterizedMethod" id="1240" name="LeafName_ReturnsLastSegment" fullname="emiteat.NexUI.Designer.Tests.EditMode.DesignerAssetBrowserTests.LeafName_ReturnsLastSegment" classname="emiteat.NexUI.Designer.Tests.EditMode.DesignerAssetBrowserTests" runstate="Runnable" testcasecount="3" result="Passed" start-time="2026-08-09 02:41:27Z" end-time="2026-08-09 02:41:27Z" duration="0.001939" total="3" passed="3" failed="0" inconclusive="0" skipped="0" asserts="0">
                    <properties />
                    <test-case id="1237" name="LeafName_ReturnsLastSegment(&quot;Assets/UI/Icons&quot;,&quot;Icons&quot;)" fullname="emiteat.NexUI.Designer.Tests.EditMode.DesignerAssetBrowserTests.LeafName_ReturnsLastSegment(&quot;Assets/UI/Icons&quot;,&quot;Icons&quot;)" methodname="LeafName_ReturnsLastSegment" classname="emiteat.NexUI.Designer.Tests.EditMode.DesignerAssetBrowserTests" runstate="Runnable" seed="363635502" result="Passed" start-time="2026-08-09 02:41:27Z" end-time="2026-08-09 02:41:27Z" duration="0.000223" asserts="0">
                      <properties>
                        <property name="retryIteration" value="0" />
                        <property name="repeatIteration" value="0" />
                      </properties>
                    </test-case>
                    <test-case id="1238" name="LeafName_ReturnsLastSegment(&quot;Assets&quot;,&quot;Assets&quot;)" fullname="emiteat.NexUI.Designer.Tests.EditMode.DesignerAssetBrowserTests.LeafName_ReturnsLastSegment(&quot;Assets&quot;,&quot;Assets&quot;)" methodname="LeafName_ReturnsLastSegment" classname="emiteat.NexUI.Designer.Tests.EditMode.DesignerAssetBrowserTests" runstate="Runnable" seed="1040726307" result="Passed" start-time="2026-08-09 02:41:27Z" end-time="2026-08-09 02:41:27Z" duration="0.000028" asserts="0">
                      <properties>
                        <property name="retryIteration" value="0" />
                        <property name="repeatIteration" value="0" />
                      </properties>
                    </test-case>
                    <test-case id="1239" name="LeafName_ReturnsLastSegment(&quot;&quot;,&quot;&quot;)" fullname="emiteat.NexUI.Designer.Tests.EditMode.DesignerAssetBrowserTests.LeafName_ReturnsLastSegment(&quot;&quot;,&quot;&quot;)" methodname="LeafName_ReturnsLastSegment" classname="emiteat.NexUI.Designer.Tests.EditMode.DesignerAssetBrowserTests" runstate="Runnable" seed="978760639" result="Passed" start-time="2026-08-09 02:41:27Z" end-time="2026-08-09 02:41:27Z" duration="0.000027" asserts="0">
                      <properties>
                        <property name="retryIteration" value="0" />
                        <property name="repeatIteration" value="0" />
                      </properties>
                    </test-case>
                  </test-suite>
                  <test-case id="1224" name="Matches_AllFilterAcceptsEveryKind" fullname="emiteat.NexUI.Designer.Tests.EditMode.DesignerAssetBrowserTests.Matches_AllFilterAcceptsEveryKind" methodname="Matches_AllFilterAcceptsEveryKind" classname="emiteat.NexUI.Designer.Tests.EditMode.DesignerAssetBrowserTests" runstate="Runnable" seed="172464795" result="Passed" start-time="2026-08-09 02:41:27Z" end-time="2026-08-09 02:41:27Z" duration="0.000209" asserts="0">
                    <properties>
                      <property name="retryIteration" value="0" />
                      <property name="repeatIteration" value="0" />
                    </properties>
                  </test-case>
                  <test-case id="1225" name="Matches_KindFilterExcludesOtherKindsButNeverFolders" fullname="emiteat.NexUI.Designer.Tests.EditMode.DesignerAssetBrowserTests.Matches_KindFilterExcludesOtherKindsButNeverFolders" methodname="Matches_KindFilterExcludesOtherKindsButNeverFolders" classname="emiteat.NexUI.Designer.Tests.EditMode.DesignerAssetBrowserTests" runstate="Runnable" seed="1479798393" result="Passed" start-time="2026-08-09 02:41:27Z" end-time="2026-08-09 02:41:27Z" duration="0.000150" asserts="0">
                    <properties>
                      <property name="retryIteration" value="0" />
                      <property name="repeatIteration" value="0" />
                    </properties>
                  </test-case>
                  <test-case id="1227" name="Matches_NullEntryIsRejected" fullname="emiteat.NexUI.Designer.Tests.EditMode.DesignerAssetBrowserTests.Matches_NullEntryIsRejected" methodname="Matches_NullEntryIsRejected" classname="emiteat.NexUI.Designer.Tests.EditMode.DesignerAssetBrowserTests" runstate="Runnable" seed="2136399940" result="Passed" start-time="2026-08-09 02:41:27Z" end-time="2026-08-09 02:41:27Z" duration="0.000065" asserts="0">
                    <properties>
                      <property name="retryIteration" value="0" />
                      <property name="repeatIteration" value="0" />
                    </properties>
                  </test-case>
                  <test-case id="1226" name="Matches_SearchIsCaseInsensitiveAndAppliesToFoldersToo" fullname="emiteat.NexUI.Designer.Tests.EditMode.DesignerAssetBrowserTests.Matches_SearchIsCaseInsensitiveAndAppliesToFoldersToo" methodname="Matches_SearchIsCaseInsensitiveAndAppliesToFoldersToo" classname="emiteat.NexUI.Designer.Tests.EditMode.DesignerAssetBrowserTests" runstate="Runnable" seed="1870942559" result="Passed" start-time="2026-08-09 02:41:27Z" end-time="2026-08-09 02:41:27Z" duration="0.000099" asserts="0">
                    <properties>
                      <property name="retryIteration" value="0" />
                      <property name="repeatIteration" value="0" />
                    </properties>
                  </test-case>
                  <test-case id="1256" name="MoveBlockedReason_AllowsARealMove" fullname="emiteat.NexUI.Designer.Tests.EditMode.DesignerAssetBrowserTests.MoveBlockedReason_AllowsARealMove" methodname="MoveBlockedReason_AllowsARealMove" classname="emiteat.NexUI.Designer.Tests.EditMode.DesignerAssetBrowserTests" runstate="Runnable" seed="687276148" result="Passed" start-time="2026-08-09 02:41:27Z" end-time="2026-08-09 02:41:27Z" duration="0.000297" asserts="0">
                    <properties>
                      <property name="retryIteration" value="0" />
                      <property name="repeatIteration" value="0" />
                    </properties>
                  </test-case>
                  <test-case id="1254" name="MoveBlockedReason_RefusesAFolderIntoItselfOrItsOwnChild" fullname="emiteat.NexUI.Designer.Tests.EditMode.DesignerAssetBrowserTests.MoveBlockedReason_RefusesAFolderIntoItselfOrItsOwnChild" methodname="MoveBlockedReason_RefusesAFolderIntoItselfOrItsOwnChild" classname="emiteat.NexUI.Designer.Tests.EditMode.DesignerAssetBrowserTests" runstate="Runnable" seed="419840669" result="Passed" start-time="2026-08-09 02:41:27Z" end-time="2026-08-09 02:41:27Z" duration="0.000107" asserts="0">
                    <properties>
                      <property name="retryIteration" value="0" />
                      <property name="repeatIteration" value="0" />
                    </properties>
                  </test-case>
                  <test-case id="1255" name="MoveBlockedReason_RefusesAMoveThatWouldChangeNothing" fullname="emiteat.NexUI.Designer.Tests.EditMode.DesignerAssetBrowserTests.MoveBlockedReason_RefusesAMoveThatWouldChangeNothing" methodname="MoveBlockedReason_RefusesAMoveThatWouldChangeNothing" classname="emiteat.NexUI.Designer.Tests.EditMode.DesignerAssetBrowserTests" runstate="Runnable" seed="1014558864" result="Passed" start-time="2026-08-09 02:41:27Z" end-time="2026-08-09 02:41:27Z" duration="0.000065" asserts="0">
                    <properties>
                      <property name="retryIteration" value="0" />
                      <property name="repeatIteration" value="0" />
                    </properties>
                  </test-case>
                  <test-suite type="ParameterizedMethod" id="1233" name="ParentFolder_ClampsAtAssetsRoot" fullname="emiteat.NexUI.Designer.Tests.EditMode.DesignerAssetBrowserTests.ParentFolder_ClampsAtAssetsRoot" classname="emiteat.NexUI.Designer.Tests.EditMode.DesignerAssetBrowserTests" runstate="Runnable" testcasecount="5" result="Passed" start-time="2026-08-09 02:41:27Z" end-time="2026-08-09 02:41:27Z" duration="0.001997" total="5" passed="5" failed="0" inconclusive="0" skipped="0" asserts="0">
                    <properties />
                    <test-case id="1228" name="ParentFolder_ClampsAtAssetsRoot(&quot;Assets/UI/Icons&quot;,&quot;Assets/UI&quot;)" fullname="emiteat.NexUI.Designer.Tests.EditMode.DesignerAssetBrowserTests.ParentFolder_ClampsAtAssetsRoot(&quot;Assets/UI/Icons&quot;,&quot;Assets/UI&quot;)" methodname="ParentFolder_ClampsAtAssetsRoot" classname="emiteat.NexUI.Designer.Tests.EditMode.DesignerAssetBrowserTests" runstate="Runnable" seed="2091763387" result="Passed" start-time="2026-08-09 02:41:27Z" end-time="2026-08-09 02:41:27Z" duration="0.000087" asserts="0">
                      <properties>
                        <property name="retryIteration" value="0" />
                        <property name="repeatIteration" value="0" />
                      </properties>
                    </test-case>
                    <test-case id="1229" name="ParentFolder_ClampsAtAssetsRoot(&quot;Assets/UI&quot;,&quot;Assets&quot;)" fullname="emiteat.NexUI.Designer.Tests.EditMode.DesignerAssetBrowserTests.ParentFolder_ClampsAtAssetsRoot(&quot;Assets/UI&quot;,&quot;Assets&quot;)" methodname="ParentFolder_ClampsAtAssetsRoot" classname="emiteat.NexUI.Designer.Tests.EditMode.DesignerAssetBrowserTests" runstate="Runnable" seed="1676425224" result="Passed" start-time="2026-08-09 02:41:27Z" end-time="2026-08-09 02:41:27Z" duration="0.000035" asserts="0">
                      <properties>
                        <property name="retryIteration" value="0" />
                        <property name="repeatIteration" value="0" />
                      </properties>
                    </test-case>
                    <test-case id="1230" name="ParentFolder_ClampsAtAssetsRoot(&quot;Assets&quot;,&quot;Assets&quot;)" fullname="emiteat.NexUI.Designer.Tests.EditMode.DesignerAssetBrowserTests.ParentFolder_ClampsAtAssetsRoot(&quot;Assets&quot;,&quot;Assets&quot;)" methodname="ParentFolder_ClampsAtAssetsRoot" classname="emiteat.NexUI.Designer.Tests.EditMode.DesignerAssetBrowserTests" runstate="Runnable" seed="1675804533" result="Passed" start-time="2026-08-09 02:41:27Z" end-time="2026-08-09 02:41:27Z" duration="0.000025" asserts="0">
                      <properties>
                        <property name="retryIteration" value="0" />
                        <property name="repeatIteration" value="0" />
                      </properties>
                    </test-case>
                    <test-case id="1231" name="ParentFolder_ClampsAtAssetsRoot(&quot;&quot;,&quot;Assets&quot;)" fullname="emiteat.NexUI.Designer.Tests.EditMode.DesignerAssetBrowserTests.ParentFolder_ClampsAtAssetsRoot(&quot;&quot;,&quot;Assets&quot;)" methodname="ParentFolder_ClampsAtAssetsRoot" classname="emiteat.NexUI.Designer.Tests.EditMode.DesignerAssetBrowserTests" runstate="Runnable" seed="221862674" result="Passed" start-time="2026-08-09 02:41:27Z" end-time="2026-08-09 02:41:27Z" duration="0.000022" asserts="0">
                      <properties>
                        <property name="retryIteration" value="0" />
                        <property name="repeatIteration" value="0" />
                      </properties>
                    </test-case>
                    <test-case id="1232" name="ParentFolder_ClampsAtAssetsRoot(null,&quot;Assets&quot;)" fullname="emiteat.NexUI.Designer.Tests.EditMode.DesignerAssetBrowserTests.ParentFolder_ClampsAtAssetsRoot(null,&quot;Assets&quot;)" methodname="ParentFolder_ClampsAtAssetsRoot" classname="emiteat.NexUI.Designer.Tests.EditMode.DesignerAssetBrowserTests" runstate="Runnable" seed="2011580198" result="Passed" start-time="2026-08-09 02:41:27Z" end-time="2026-08-09 02:41:27Z" duration="0.000022" asserts="0">
                      <properties>
                        <property name="retryIteration" value="0" />
                        <property name="repeatIteration" value="0" />
                      </properties>
                    </test-case>
                  </test-suite>
                  <test-case id="1234" name="ParentFolder_NormalizesSeparatorsAndTrailingSlash" fullname="emiteat.NexUI.Designer.Tests.EditMode.DesignerAssetBrowserTests.ParentFolder_NormalizesSeparatorsAndTrailingSlash" methodname="ParentFolder_NormalizesSeparatorsAndTrailingSlash" classname="emiteat.NexUI.Designer.Tests.EditMode.DesignerAssetBrowserTests" runstate="Runnable" seed="1756323371" result="Passed" start-time="2026-08-09 02:41:27Z" end-time="2026-08-09 02:41:27Z" duration="0.000082" asserts="0">
                    <properties>
                      <property name="retryIteration" value="0" />
                      <property name="repeatIteration" value="0" />
                    </properties>
                  </test-case>
                  <test-case id="1257" name="WithoutNestedSources_KeepsOnlyTheOutermostSelection" fullname="emiteat.NexUI.Designer.Tests.EditMode.DesignerAssetBrowserTests.WithoutNestedSources_KeepsOnlyTheOutermostSelection" methodname="WithoutNestedSources_KeepsOnlyTheOutermostSelection" classname="emiteat.NexUI.Designer.Tests.EditMode.DesignerAssetBrowserTests" runstate="Runnable" seed="2037256339" result="Passed" start-time="2026-08-09 02:41:27Z" end-time="2026-08-09 02:41:27Z" duration="0.001216" asserts="0">
                    <properties>
                      <property name="retryIteration" value="0" />
                      <property name="repeatIteration" value="0" />
                    </properties>
                  </test-case>
                  <test-case id="1258" name="WithoutNestedSources_KeepsSiblingsAndDeduplicates" fullname="emiteat.NexUI.Designer.Tests.EditMode.DesignerAssetBrowserTests.WithoutNestedSources_KeepsSiblingsAndDeduplicates" methodname="WithoutNestedSources_KeepsSiblingsAndDeduplicates" classname="emiteat.NexUI.Designer.Tests.EditMode.DesignerAssetBrowserTests" runstate="Runnable" seed="946526164" result="Passed" start-time="2026-08-09 02:41:27Z" end-time="2026-08-09 02:41:27Z" duration="0.000187" asserts="0">
                    <properties>
                      <property name="retryIteration" value="0" />
                      <property name="repeatIteration" value="0" />
                    </properties>
                  </test-case>
                </test-suite>
                <test-suite type="TestFixture" id="1259" name="DesignerAssetMoveTests" fullname="emiteat.NexUI.Designer.Tests.EditMode.DesignerAssetMoveTests" classname="emiteat.NexUI.Designer.Tests.EditMode.DesignerAssetMoveTests" runstate="Runnable" testcasecount="6" result="Passed" start-time="2026-08-09 02:41:27Z" end-time="2026-08-09 02:41:34Z" duration="6.667744" total="6" passed="6" failed="0" inconclusive="0" skipped="0" asserts="0">
                  <properties />
                  <test-case id="1263" name="AFolderCannotBeMovedIntoItsOwnDescendant" fullname="emiteat.NexUI.Designer.Tests.EditMode.DesignerAssetMoveTests.AFolderCannotBeMovedIntoItsOwnDescendant" methodname="AFolderCannotBeMovedIntoItsOwnDescendant" classname="emiteat.NexUI.Designer.Tests.EditMode.DesignerAssetMoveTests" runstate="Runnable" seed="1945171290" result="Passed" start-time="2026-08-09 02:41:27Z" end-time="2026-08-09 02:41:29Z" duration="1.840495" asserts="0">
                    <properties>
[...]
                    <properties>
                      <property name="retryIteration" value="0" />
                      <property name="repeatIteration" value="0" />
                    </properties>
                  </test-case>
                </test-suite>
                <test-case id="2238" name="Expression_GreaterThan_FeedsBranchConditionViaNodeOutput" fullname="emiteat.NexUI.Tests.EditMode.UIGraphPhase6Tests.Expression_GreaterThan_FeedsBranchConditionViaNodeOutput" methodname="Expression_GreaterThan_FeedsBranchConditionViaNodeOutput" classname="emiteat.NexUI.Tests.EditMode.UIGraphPhase6Tests" runstate="Runnable" seed="933276977" result="Passed" start-time="2026-08-09 02:43:56Z" end-time="2026-08-09 02:43:56Z" duration="0.103725" asserts="0">
                  <properties>
                    <property name="retryIteration" value="0" />
                    <property name="repeatIteration" value="0" />
                  </properties>
                </test-case>
                <test-case id="2244" name="Race_FirstBranchToFinishWins_ContinuesToCompleted" fullname="emiteat.NexUI.Tests.EditMode.UIGraphPhase6Tests.Race_FirstBranchToFinishWins_ContinuesToCompleted" methodname="Race_FirstBranchToFinishWins_ContinuesToCompleted" classname="emiteat.NexUI.Tests.EditMode.UIGraphPhase6Tests" runstate="Runnable" seed="1859891722" result="Passed" start-time="2026-08-09 02:43:56Z" end-time="2026-08-09 02:43:56Z" duration="0.199414" asserts="0">
                  <properties>
                    <property name="retryIteration" value="0" />
                    <property name="repeatIteration" value="0" />
                  </properties>
                </test-case>
                <test-case id="2243" name="Repeat_RunsBodyExactlyCountTimesThenCompletes" fullname="emiteat.NexUI.Tests.EditMode.UIGraphPhase6Tests.Repeat_RunsBodyExactlyCountTimesThenCompletes" methodname="Repeat_RunsBodyExactlyCountTimesThenCompletes" classname="emiteat.NexUI.Tests.EditMode.UIGraphPhase6Tests" runstate="Runnable" seed="1630405627" result="Passed" start-time="2026-08-09 02:43:56Z" end-time="2026-08-09 02:43:56Z" duration="0.103967" asserts="0">
                  <properties>
                    <property name="retryIteration" value="0" />
                    <property name="repeatIteration" value="0" />
                  </properties>
                </test-case>
                <test-case id="2246" name="RunSubgraph_ExecutesInnerGraphsEventThenContinuesToCompleted" fullname="emiteat.NexUI.Tests.EditMode.UIGraphPhase6Tests.RunSubgraph_ExecutesInnerGraphsEventThenContinuesToCompleted" methodname="RunSubgraph_ExecutesInnerGraphsEventThenContinuesToCompleted" classname="emiteat.NexUI.Tests.EditMode.UIGraphPhase6Tests" runstate="Runnable" seed="83297059" result="Passed" start-time="2026-08-09 02:43:56Z" end-time="2026-08-09 02:43:56Z" duration="0.199496" asserts="0">
                  <properties>
                    <property name="retryIteration" value="0" />
                    <property name="repeatIteration" value="0" />
                  </properties>
                </test-case>
                <test-case id="2248" name="RuntimeTrace_NodeFailed_FiresWhenAnExecutorThrows" fullname="emiteat.NexUI.Tests.EditMode.UIGraphPhase6Tests.RuntimeTrace_NodeFailed_FiresWhenAnExecutorThrows" methodname="RuntimeTrace_NodeFailed_FiresWhenAnExecutorThrows" classname="emiteat.NexUI.Tests.EditMode.UIGraphPhase6Tests" runstate="Runnable" seed="323486481" result="Passed" start-time="2026-08-09 02:43:56Z" end-time="2026-08-09 02:43:56Z" duration="0.004029" asserts="0">
                  <properties>
                    <property name="retryIteration" value="0" />
                    <property name="repeatIteration" value="0" />
                  </properties>
                </test-case>
                <test-case id="2247" name="RuntimeTrace_NodeStartedAndCompleted_FireForEveryExecutedNode" fullname="emiteat.NexUI.Tests.EditMode.UIGraphPhase6Tests.RuntimeTrace_NodeStartedAndCompleted_FireForEveryExecutedNode" methodname="RuntimeTrace_NodeStartedAndCompleted_FireForEveryExecutedNode" classname="emiteat.NexUI.Tests.EditMode.UIGraphPhase6Tests" runstate="Runnable" seed="1281265772" result="Passed" start-time="2026-08-09 02:43:56Z" end-time="2026-08-09 02:43:57Z" duration="0.104650" asserts="0">
                  <properties>
                    <property name="retryIteration" value="0" />
                    <property name="repeatIteration" value="0" />
                  </properties>
                </test-case>
                <test-case id="2239" name="SetFloatVariable_ThenReadingItAsVariableSource_ReturnsWrittenValue" fullname="emiteat.NexUI.Tests.EditMode.UIGraphPhase6Tests.SetFloatVariable_ThenReadingItAsVariableSource_ReturnsWrittenValue" methodname="SetFloatVariable_ThenReadingItAsVariableSource_ReturnsWrittenValue" classname="emiteat.NexUI.Tests.EditMode.UIGraphPhase6Tests" runstate="Runnable" seed="85282676" result="Passed" start-time="2026-08-09 02:43:57Z" end-time="2026-08-09 02:43:57Z" duration="0.201383" asserts="0">
                  <properties>
                    <property name="retryIteration" value="0" />
                    <property name="repeatIteration" value="0" />
                  </properties>
                </test-case>
                <test-case id="2245" name="Timeout_BodyFinishesWell_BeforeGenerousDuration_ContinuesToCompleted" fullname="emiteat.NexUI.Tests.EditMode.UIGraphPhase6Tests.Timeout_BodyFinishesWell_BeforeGenerousDuration_ContinuesToCompleted" methodname="Timeout_BodyFinishesWell_BeforeGenerousDuration_ContinuesToCompleted" classname="emiteat.NexUI.Tests.EditMode.UIGraphPhase6Tests" runstate="Runnable" seed="219756413" result="Passed" start-time="2026-08-09 02:43:57Z" end-time="2026-08-09 02:43:57Z" duration="0.104301" asserts="0">
                  <properties>
                    <property name="retryIteration" value="0" />
                    <property name="repeatIteration" value="0" />
                  </properties>
                </test-case>
              </test-suite>
              <test-suite type="TestFixture" id="2249" name="UIMotionEasingTests" fullname="emiteat.NexUI.Tests.EditMode.UIMotionEasingTests" classname="emiteat.NexUI.Tests.EditMode.UIMotionEasingTests" runstate="Runnable" testcasecount="4" result="Passed" start-time="2026-08-09 02:43:57Z" end-time="2026-08-09 02:43:57Z" duration="0.004556" total="4" passed="4" failed="0" inconclusive="0" skipped="0" asserts="0">
                <properties />
                <test-case id="2253" name="EaseInOutQuad_IsSymmetric" fullname="emiteat.NexUI.Tests.EditMode.UIMotionEasingTests.EaseInOutQuad_IsSymmetric" methodname="EaseInOutQuad_IsSymmetric" classname="emiteat.NexUI.Tests.EditMode.UIMotionEasingTests" runstate="Runnable" seed="1392910742" result="Passed" start-time="2026-08-09 02:43:57Z" end-time="2026-08-09 02:43:57Z" duration="0.000106" asserts="0">
                  <properties>
                    <property name="retryIteration" value="0" />
                    <property name="repeatIteration" value="0" />
                  </properties>
                </test-case>
                <test-case id="2252" name="EveryEasing_AcrossRange_NeverReturnsNaNOrInfinity" fullname="emiteat.NexUI.Tests.EditMode.UIMotionEasingTests.EveryEasing_AcrossRange_NeverReturnsNaNOrInfinity" methodname="EveryEasing_AcrossRange_NeverReturnsNaNOrInfinity" classname="emiteat.NexUI.Tests.EditMode.UIMotionEasingTests" runstate="Runnable" seed="723432960" result="Passed" start-time="2026-08-09 02:43:57Z" end-time="2026-08-09 02:43:57Z" duration="0.002313" asserts="0">
                  <properties>
                    <property name="retryIteration" value="0" />
                    <property name="repeatIteration" value="0" />
                  </properties>
                </test-case>
                <test-case id="2250" name="EveryEasing_At0_Returns0" fullname="emiteat.NexUI.Tests.EditMode.UIMotionEasingTests.EveryEasing_At0_Returns0" methodname="EveryEasing_At0_Returns0" classname="emiteat.NexUI.Tests.EditMode.UIMotionEasingTests" runstate="Runnable" seed="1667575833" result="Passed" start-time="2026-08-09 02:43:57Z" end-time="2026-08-09 02:43:57Z" duration="0.000180" asserts="0">
                  <properties>
                    <property name="retryIteration" value="0" />
                    <property name="repeatIteration" value="0" />
                  </properties>
                </test-case>
                <test-case id="2251" name="EveryEasing_At1_Returns1" fullname="emiteat.NexUI.Tests.EditMode.UIMotionEasingTests.EveryEasing_At1_Returns1" methodname="EveryEasing_At1_Returns1" classname="emiteat.NexUI.Tests.EditMode.UIMotionEasingTests" runstate="Runnable" seed="1601771165" result="Passed" start-time="2026-08-09 02:43:57Z" end-time="2026-08-09 02:43:57Z" duration="0.000147" asserts="0">
                  <properties>
                    <property name="retryIteration" value="0" />
                    <property name="repeatIteration" value="0" />
                  </properties>
                </test-case>
              </test-suite>
              <test-suite type="TestFixture" id="2254" name="UIMotionStateMachineTests" fullname="emiteat.NexUI.Tests.EditMode.UIMotionStateMachineTests" classname="emiteat.NexUI.Tests.EditMode.UIMotionStateMachineTests" runstate="Runnable" testcasecount="9" result="Passed" start-time="2026-08-09 02:43:57Z" end-time="2026-08-09 02:43:57Z" duration="0.307507" total="9" passed="9" failed="0" inconclusive="0" skipped="0" asserts="0">
                <properties />
                <test-case id="2255" name="FindTransition_ExactMatch_PreferredOverAnyState" fullname="emiteat.NexUI.Tests.EditMode.UIMotionStateMachineTests.FindTransition_ExactMatch_PreferredOverAnyState" methodname="FindTransition_ExactMatch_PreferredOverAnyState" classname="emiteat.NexUI.Tests.EditMode.UIMotionStateMachineTests" runstate="Runnable" seed="1466072247" result="Passed" start-time="2026-08-09 02:43:57Z" end-time="2026-08-09 02:43:57Z" duration="0.000368" asserts="0">
                  <properties>
                    <property name="retryIteration" value="0" />
                    <property name="repeatIteration" value="0" />
                  </properties>
                </test-case>
                <test-case id="2256" name="FindTransition_FallsBackToAnyState" fullname="emiteat.NexUI.Tests.EditMode.UIMotionStateMachineTests.FindTransition_FallsBackToAnyState" methodname="FindTransition_FallsBackToAnyState" classname="emiteat.NexUI.Tests.EditMode.UIMotionStateMachineTests" runstate="Runnable" seed="1066871598" result="Passed" start-time="2026-08-09 02:43:57Z" end-time="2026-08-09 02:43:57Z" duration="0.000122" asserts="0">
                  <properties>
                    <property name="retryIteration" value="0" />
                    <property name="repeatIteration" value="0" />
                  </properties>
                </test-case>
                <test-case id="2257" name="FindTransition_NoMatch_ReturnsNull" fullname="emiteat.NexUI.Tests.EditMode.UIMotionStateMachineTests.FindTransition_NoMatch_ReturnsNull" methodname="FindTransition_NoMatch_ReturnsNull" classname="emiteat.NexUI.Tests.EditMode.UIMotionStateMachineTests" runstate="Runnable" seed="1561581163" result="Passed" start-time="2026-08-09 02:43:57Z" end-time="2026-08-09 02:43:57Z" duration="0.000098" asserts="0">
                  <properties>
                    <property name="retryIteration" value="0" />
                    <property name="repeatIteration" value="0" />
                  </properties>
                </test-case>
                <test-case id="2262" name="Runner_CompleteImmediately_SnapsInterruptedClipToEndBeforeStartingNext" fullname="emiteat.NexUI.Tests.EditMode.UIMotionStateMachineTests.Runner_CompleteImmediately_SnapsInterruptedClipToEndBeforeStartingNext" methodname="Runner_CompleteImmediately_SnapsInterruptedClipToEndBeforeStartingNext" classname="emiteat.NexUI.Tests.EditMode.UIMotionStateMachineTests" runstate="Runnable" seed="1055918999" result="Passed" start-time="2026-08-09 02:43:57Z" end-time="2026-08-09 02:43:57Z" duration="0.001054" asserts="0">
                  <properties>
                    <property name="retryIteration" value="0" />
                    <property name="repeatIteration" value="0" />
                  </properties>
                </test-case>
                <test-case id="2261" name="Runner_Ignore_DropsNewRequestWhileTransitionInFlight" fullname="emiteat.NexUI.Tests.EditMode.UIMotionStateMachineTests.Runner_Ignore_DropsNewRequestWhileTransitionInFlight" methodname="Runner_Ignore_DropsNewRequestWhileTransitionInFlight" classname="emiteat.NexUI.Tests.EditMode.UIMotionStateMachineTests" runstate="Runnable" seed="807545192" result="Passed" start-time="2026-08-09 02:43:57Z" end-time="2026-08-09 02:43:57Z" duration="0.000257" asserts="0">
                  <properties>
                    <property name="retryIteration" value="0" />
                    <property name="repeatIteration" value="0" />
                  </properties>
                </test-case>
                <test-case id="2260" name="Runner_MatchingTransition_PlaysClipAndUpdatesStateImmediately" fullname="emiteat.NexUI.Tests.EditMode.UIMotionStateMachineTests.Runner_MatchingTransition_PlaysClipAndUpdatesStateImmediately" methodname="Runner_MatchingTransition_PlaysClipAndUpdatesStateImmediately" classname="emiteat.NexUI.Tests.EditMode.UIMotionStateMachineTests" runstate="Runnable" seed="1497721462" result="Passed" start-time="2026-08-09 02:43:57Z" end-time="2026-08-09 02:43:57Z" duration="0.000186" asserts="0">
                  <properties>
                    <property name="retryIteration" value="0" />
                    <property name="repeatIteration" value="0" />
                  </properties>
                </test-case>
                <test-case id="2258" name="Runner_NoMachine_SetsStateDirectlyWithoutPlaying" fullname="emiteat.NexUI.Tests.EditMode.UIMotionStateMachineTests.Runner_NoMachine_SetsStateDirectlyWithoutPlaying" methodname="Runner_NoMachine_SetsStateDirectlyWithoutPlaying" classname="emiteat.NexUI.Tests.EditMode.UIMotionStateMachineTests" runstate="Runnable" seed="1783727792" result="Passed" start-time="2026-08-09 02:43:57Z" end-time="2026-08-09 02:43:57Z" duration="0.199116" asserts="0">
                  <properties>
                    <property name="retryIteration" value="0" />
                    <property name="repeatIteration" value="0" />
                  </properties>
                </test-case>
                <test-case id="2259" name="Runner_NoMatchingTransition_SetsStateWithoutPlaying" fullname="emiteat.NexUI.Tests.EditMode.UIMotionStateMachineTests.Runner_NoMatchingTransition_SetsStateWithoutPlaying" methodname="Runner_NoMatchingTransition_SetsStateWithoutPlaying" classname="emiteat.NexUI.Tests.EditMode.UIMotionStateMachineTests" runstate="Runnable" seed="519676206" result="Passed" start-time="2026-08-09 02:43:57Z" end-time="2026-08-09 02:43:57Z" duration="0.103623" asserts="0">
                  <properties>
                    <property name="retryIteration" value="0" />
                    <property name="repeatIteration" value="0" />
                  </properties>
                </test-case>
                <test-case id="2263" name="Runner_Restart_StopsInterruptedClipWithoutSnapping" fullname="emiteat.NexUI.Tests.EditMode.UIMotionStateMachineTests.Runner_Restart_StopsInterruptedClipWithoutSnapping" methodname="Runner_Restart_StopsInterruptedClipWithoutSnapping" classname="emiteat.NexUI.Tests.EditMode.UIMotionStateMachineTests" runstate="Runnable" seed="225315494" result="Passed" start-time="2026-08-09 02:43:57Z" end-time="2026-08-09 02:43:57Z" duration="0.000336" asserts="0">
                  <properties>
                    <property name="retryIteration" value="0" />
                    <property name="repeatIteration" value="0" />
                  </properties>
                </test-case>
              </test-suite>
              <test-suite type="TestFixture" id="2264" name="ValidatorEditModeTests" fullname="emiteat.NexUI.Tests.EditMode.ValidatorEditModeTests" classname="emiteat.NexUI.Tests.EditMode.ValidatorEditModeTests" runstate="Runnable" testcasecount="4" result="Passed" start-time="2026-08-09 02:43:57Z" end-time="2026-08-09 02:43:57Z" duration="0.010285" total="4" passed="4" failed="0" inconclusive="0" skipped="0" asserts="0">
                <properties />
                <test-case id="2265" name="CapabilityValidatorChecksLiveSurfaceAgainstContract" fullname="emiteat.NexUI.Tests.EditMode.ValidatorEditModeTests.CapabilityValidatorChecksLiveSurfaceAgainstContract" methodname="CapabilityValidatorChecksLiveSurfaceAgainstContract" classname="emiteat.NexUI.Tests.EditMode.ValidatorEditModeTests" runstate="Runnable" seed="791591181" result="Passed" start-time="2026-08-09 02:43:57Z" end-time="2026-08-09 02:43:57Z" duration="0.003742" asserts="0">
                  <properties>
                    <property name="retryIteration" value="0" />
                    <property name="repeatIteration" value="0" />
                  </properties>
                </test-case>
                <test-case id="2266" name="DuplicateScreenIdValidator_FlagsDuplicates" fullname="emiteat.NexUI.Tests.EditMode.ValidatorEditModeTests.DuplicateScreenIdValidator_FlagsDuplicates" methodname="DuplicateScreenIdValidator_FlagsDuplicates" classname="emiteat.NexUI.Tests.EditMode.ValidatorEditModeTests" runstate="Runnable" seed="1755201469" result="Passed" start-time="2026-08-09 02:43:57Z" end-time="2026-08-09 02:43:57Z" duration="0.000777" asserts="0">
                  <properties>
                    <property name="retryIteration" value="0" />
                    <property name="repeatIteration" value="0" />
                  </properties>
                </test-case>
                <test-case id="2267" name="MissingAssetValidator_FlagsMissingAsset" fullname="emiteat.NexUI.Tests.EditMode.ValidatorEditModeTests.MissingAssetValidator_FlagsMissingAsset" methodname="MissingAssetValidator_FlagsMissingAsset" classname="emiteat.NexUI.Tests.EditMode.ValidatorEditModeTests" runstate="Runnable" seed="1164884794" result="Passed" start-time="2026-08-09 02:43:57Z" end-time="2026-08-09 02:43:57Z" duration="0.000423" asserts="0">
                  <properties>
                    <property name="retryIteration" value="0" />
                    <property name="repeatIteration" value="0" />
                  </properties>
                </test-case>
                <test-case id="2268" name="ProjectValidator_NoErrorsForCleanSingleScreen" fullname="emiteat.NexUI.Tests.EditMode.ValidatorEditModeTests.ProjectValidator_NoErrorsForCleanSingleScreen" methodname="ProjectValidator_NoErrorsForCleanSingleScreen" classname="emiteat.NexUI.Tests.EditMode.ValidatorEditModeTests" runstate="Runnable" seed="1696350464" result="Passed" start-time="2026-08-09 02:43:57Z" end-time="2026-08-09 02:43:57Z" duration="0.003350" asserts="0">
                  <properties>
                    <property name="retryIteration" value="0" />
                    <property name="repeatIteration" value="0" />
                  </properties>
                  <output><![CDATA[Saving results to: C:/Users/Administrator/AppData/LocalLow/DefaultCompany/NexUI\TestResults.xml
]]></output>
                </test-case>
              </test-suite>
            </test-suite>
          </test-suite>
        </test-suite>
      </test-suite>
    </test-suite>
  </test-suite>
</test-run>